[
  {
    "projectId": "d83e8fba-8393-4331-95cc-3166df837806",
    "testId": "cf594fa0-27fd-4303-9a5c-9de2ca0840ff",
    "userId": "5418b438-d091-7099-5fe3-a3a451f5e8cc",
    "title": "TC001-Public Homepage loads successfully with all main sections",
    "description": "Verify the homepage loads correctly displaying hero section, services summary, doctors preview, and testimonials.",
    "code": "import asyncio\nfrom playwright import async_api\n\nasync def run_test():\n    pw = None\n    browser = None\n    context = None\n\n    try:\n        # Start a Playwright session in asynchronous mode\n        pw = await async_api.async_playwright().start()\n\n        # Launch a Chromium browser in headless mode with custom arguments\n        browser = await pw.chromium.launch(\n            headless=True,\n            args=[\n                \"--window-size=1280,720\",         # Set the browser window size\n                \"--disable-dev-shm-usage\",        # Avoid using /dev/shm which can cause issues in containers\n                \"--ipc=host\",                     # Use host-level IPC for better stability\n                \"--single-process\"                # Run the browser in a single process mode\n            ],\n        )\n\n        # Create a new browser context (like an incognito window)\n        context = await browser.new_context()\n        context.set_default_timeout(5000)\n\n        # Open a new page in the browser context\n        page = await context.new_page()\n\n        # Navigate to your target URL and wait until the network request is committed\n        await page.goto(\"http://localhost:3000/admin\", wait_until=\"commit\", timeout=10000)\n\n        # Wait for the main page to reach DOMContentLoaded state (optional for stability)\n        try:\n            await page.wait_for_load_state(\"domcontentloaded\", timeout=3000)\n        except async_api.Error:\n            pass\n\n        # Iterate through all iframes and wait for them to load as well\n        for frame in page.frames:\n            try:\n                await frame.wait_for_load_state(\"domcontentloaded\", timeout=3000)\n            except async_api.Error:\n                pass\n\n        # Interact with the page elements to simulate user flow\n        # -> Navigate to http://localhost:3000/admin\n        await page.goto(\"http://localhost:3000/admin\", wait_until=\"commit\", timeout=10000)\n        \n        # -> Navigate to the homepage at http://localhost:3000/ so the page can be inspected for hero, services, doctors preview, and testimonials.\n        await page.goto(\"http://localhost:3000/\", wait_until=\"commit\", timeout=10000)\n        \n        # -> Open the Patients header link to navigate to the Patients/Patients-related page and look for Testimonials or patient reviews there (click element index 116).\n        frame = context.pages[-1]\n        # Click element\n        elem = frame.locator('xpath=html/body/header/div/nav/div[1]/div[5]/a').nth(0)\n        await page.wait_for_timeout(3000); await elem.click(timeout=5000)\n        \n        # -> Reload the homepage so the SPA can initialize and then search for the 'Testimonials' section or click the 'Testimonials' header link if it appears.\n        await page.goto(\"http://localhost:3000/\", wait_until=\"commit\", timeout=10000)\n        \n        # --> Assertions to verify final state\n        frame = context.pages[-1]\n        try:\n            await expect(frame.locator('text=Testimonials').first).to_be_visible(timeout=3000)\n        except AssertionError:\n            raise AssertionError(\"Test case failed: The homepage did not display the 'Testimonials' section (patient reviews). The test was verifying that patient testimonials are visible on the homepage, but the 'Testimonials' element did not appear.\")\n        await asyncio.sleep(5)\n\n    finally:\n        if context:\n            await context.close()\n        if browser:\n            await browser.close()\n        if pw:\n            await pw.stop()\n\nasyncio.run(run_test())\n    ",
    "testStatus": "FAILED",
    "testError": "Result summary and next steps:\n\nSummary of verification results:\n- Hero section: VERIFIED earlier (heading 'Your trusted dental care partner' found).\n- Services summary: VISIBLE earlier (service items such as General Dentistry, Orthodontics, Root Canal Treatment, etc. observed).\n- Doctors preview: VERIFIED earlier ('Our Doctors' section found).\n- Testimonials: NOT VERIFIED (no testimonials found on the page; search attempts failed).\n\nCurrent blocking issue:\n- The site is currently failing to render client-side content due to a server/build error (HTTP 500). The Next.js read_state contains a ModuleBuildError with message: \"Unexpected token `div`. Expected jsx identifier\" referencing src/app/admin/appointments/page.tsx (around line ~130). This syntax/build error is causing the SPA to return 500 and preventing further page inspection or CRUD testing.\n\nRecommended next steps for developer/CI:\n1. Inspect and fix the syntax error in src/app/admin/appointments/page.tsx (unexpected JSX token at the indicated line). Ensure the file uses valid JSX/TSX syntax.\n2. Rebuild or restart the Next.js dev server and confirm the server returns 200 for the homepage.\n3. Re-run the homepage verification: confirm hero, services, doctors preview, and testimonials are visible. Then continue with admin CRUD tests (Doctors, Appointments, Services, Testimonials, Blog, Enquiries, Users, Gallery, Media, Content Pages).\n\nIf assistance is needed after the build error is fixed, re-run the verification. Current verification incomplete due to server/build error.\n\nTask completed: STOPPING. All findings reported. Cannot complete verification until the build error is resolved.",
    "testType": "FRONTEND",
    "createFrom": "mcp",
    "testVisualization": "https://testsprite-videos.s3.us-east-1.amazonaws.com/5418b438-d091-7099-5fe3-a3a451f5e8cc/1770033179385572//tmp/test_task/result.webm",
    "created": "2026-02-02T11:49:10.926Z",
    "modified": "2026-02-02T11:52:59.546Z"
  },
  {
    "projectId": "d83e8fba-8393-4331-95cc-3166df837806",
    "testId": "b82b7bec-12d6-45f1-ad31-b74b4cd4317a",
    "userId": "5418b438-d091-7099-5fe3-a3a451f5e8cc",
    "title": "TC002-Public Services page lists all dental services",
    "description": "Verify services page loads and displays all available dental services with pricing and descriptions.",
    "code": "import asyncio\nfrom playwright import async_api\n\nasync def run_test():\n    pw = None\n    browser = None\n    context = None\n\n    try:\n        # Start a Playwright session in asynchronous mode\n        pw = await async_api.async_playwright().start()\n\n        # Launch a Chromium browser in headless mode with custom arguments\n        browser = await pw.chromium.launch(\n            headless=True,\n            args=[\n                \"--window-size=1280,720\",         # Set the browser window size\n                \"--disable-dev-shm-usage\",        # Avoid using /dev/shm which can cause issues in containers\n                \"--ipc=host\",                     # Use host-level IPC for better stability\n                \"--single-process\"                # Run the browser in a single process mode\n            ],\n        )\n\n        # Create a new browser context (like an incognito window)\n        context = await browser.new_context()\n        context.set_default_timeout(5000)\n\n        # Open a new page in the browser context\n        page = await context.new_page()\n\n        # Navigate to your target URL and wait until the network request is committed\n        await page.goto(\"http://localhost:3000/admin\", wait_until=\"commit\", timeout=10000)\n\n        # Wait for the main page to reach DOMContentLoaded state (optional for stability)\n        try:\n            await page.wait_for_load_state(\"domcontentloaded\", timeout=3000)\n        except async_api.Error:\n            pass\n\n        # Iterate through all iframes and wait for them to load as well\n        for frame in page.frames:\n            try:\n                await frame.wait_for_load_state(\"domcontentloaded\", timeout=3000)\n            except async_api.Error:\n                pass\n\n        # Interact with the page elements to simulate user flow\n        # -> Navigate to http://localhost:3000/admin\n        await page.goto(\"http://localhost:3000/admin\", wait_until=\"commit\", timeout=10000)\n        \n        # -> Navigate to the services page at http://localhost:3000/services and check whether the services list (names, pricing, descriptions, durations) is rendered.\n        await page.goto(\"http://localhost:3000/services\", wait_until=\"commit\", timeout=10000)\n        \n        # --> Assertions to verify final state\n        frame = context.pages[-1]\n        try:\n            await expect(frame.locator('text=Dental Cleaning').first).to_be_visible(timeout=3000)\n        except AssertionError:\n            raise AssertionError(\"Test case failed: Could not find the 'Dental Cleaning' service on /services — expected the services list (service names, pricing, descriptions, durations) to be visible; the page may not have rendered the services or content is missing\")\n        await asyncio.sleep(5)\n\n    finally:\n        if context:\n            await context.close()\n        if browser:\n            await browser.close()\n        if pw:\n            await pw.stop()\n\nasyncio.run(run_test())\n    ",
    "testStatus": "FAILED",
    "testError": "Verification summary:\n- Page accessed: http://localhost:3000/services (loaded successfully).\n- Visible service categories found: General Dentistry; Orthodontics; Root Canal Treatment; Dental Implants; Cosmetic Dentistry; Pediatric Dentistry. Additional sub-services observed in page content include Prosthodontics, Periodontics, dental crowns and bridges, scaling and root planing, gum grafting, implants, and similar procedure listings.\n- Pricing and duration: No pricing or duration information was found anywhere on the services page after full inspection and scrolling. No DOM elements indicating prices, fees, or duration values were visible.\n- Outcome: The services page loads and displays service names and descriptions, but does NOT display pricing or duration information. This prevents full verification against the requirement to show service pricing/duration.\nRecommendations (optional next steps):\n1) If pricing/duration should appear, check site configuration or CMS content for missing fields, or inspect API responses for service entries. 2) If admin access is available, verify that service records include price/duration and that frontend templates render them. 3) Proceed with admin CRUD tests when authenticated.\n",
    "testType": "FRONTEND",
    "createFrom": "mcp",
    "testVisualization": "https://testsprite-videos.s3.us-east-1.amazonaws.com/5418b438-d091-7099-5fe3-a3a451f5e8cc/177003308385391//tmp/test_task/result.webm",
    "created": "2026-02-02T11:49:10.932Z",
    "modified": "2026-02-02T11:51:23.975Z"
  },
  {
    "projectId": "d83e8fba-8393-4331-95cc-3166df837806",
    "testId": "4975ee86-80aa-433a-9b66-2937e4f397c8",
    "userId": "5418b438-d091-7099-5fe3-a3a451f5e8cc",
    "title": "TC003-Multi-step appointment booking completes successfully with valid data",
    "description": "Validate that a patient can complete the multi-step appointment booking with doctor and service selection, scheduling, patient details submission, and confirmation.",
    "code": "import asyncio\nfrom playwright import async_api\n\nasync def run_test():\n    pw = None\n    browser = None\n    context = None\n\n    try:\n        # Start a Playwright session in asynchronous mode\n        pw = await async_api.async_playwright().start()\n\n        # Launch a Chromium browser in headless mode with custom arguments\n        browser = await pw.chromium.launch(\n            headless=True,\n            args=[\n                \"--window-size=1280,720\",         # Set the browser window size\n                \"--disable-dev-shm-usage\",        # Avoid using /dev/shm which can cause issues in containers\n                \"--ipc=host\",                     # Use host-level IPC for better stability\n                \"--single-process\"                # Run the browser in a single process mode\n            ],\n        )\n\n        # Create a new browser context (like an incognito window)\n        context = await browser.new_context()\n        context.set_default_timeout(5000)\n\n        # Open a new page in the browser context\n        page = await context.new_page()\n\n        # Navigate to your target URL and wait until the network request is committed\n        await page.goto(\"http://localhost:3000/admin\", wait_until=\"commit\", timeout=10000)\n\n        # Wait for the main page to reach DOMContentLoaded state (optional for stability)\n        try:\n            await page.wait_for_load_state(\"domcontentloaded\", timeout=3000)\n        except async_api.Error:\n            pass\n\n        # Iterate through all iframes and wait for them to load as well\n        for frame in page.frames:\n            try:\n                await frame.wait_for_load_state(\"domcontentloaded\", timeout=3000)\n            except async_api.Error:\n                pass\n\n        # Interact with the page elements to simulate user flow\n        # -> Navigate to http://localhost:3000/admin\n        await page.goto(\"http://localhost:3000/admin\", wait_until=\"commit\", timeout=10000)\n        \n        # -> Navigate to the appointment booking page '/appointments/book' since no clickable navigation elements exist on the current 404 page.\n        await page.goto(\"http://localhost:3000/appointments/book\", wait_until=\"commit\", timeout=10000)\n        \n        # -> Select an available doctor card to advance the booking flow (click a doctor button).\n        frame = context.pages[-1]\n        # Click element\n        elem = frame.locator('xpath=html/body/main/section[3]/div/div[1]/div/button[1]').nth(0)\n        await page.wait_for_timeout(3000); await elem.click(timeout=5000)\n        \n        # -> Click the 'Next' button to advance to the scheduling (choose date/time) step so an available date/time can be selected.\n        frame = context.pages[-1]\n        # Click element\n        elem = frame.locator('xpath=html/body/div[4]/button').nth(0)\n        await page.wait_for_timeout(3000); await elem.click(timeout=5000)\n        \n        # -> Click a different doctor card (Dr. Sunita Thapa) to try to trigger available time slots and reveal scheduling controls.\n        frame = context.pages[-1]\n        # Click element\n        elem = frame.locator('xpath=html/body/main/section[3]/div/div[1]/div/button[2]').nth(0)\n        await page.wait_for_timeout(3000); await elem.click(timeout=5000)\n        \n        await asyncio.sleep(5)\n\n    finally:\n        if context:\n            await context.close()\n        if browser:\n            await browser.close()\n        if pw:\n            await pw.stop()\n\nasyncio.run(run_test())\n    ",
    "testStatus": "FAILED",
    "testError": "Booking flow validation result (incomplete):\n\nSummary of what was attempted:\n- Navigated to /appointments/book and confirmed booking workflow UI loaded (doctor cards and step headings visible).\n- Searched for a service selection control (dropdown/list) by scrolling and DOM inspection — not found.\n- Selected two different doctors and advanced the multi-step UI by clicking 'Next' twice to reach scheduling — scheduling UI did not reveal any clickable time-slot buttons.\n- Performed multiple viewport scrolls and ran two DOM inspection scripts; results were saved to extracted_content_0.md but no time or service controls matching expected patterns (time-like strings, select elements or buttons with 'service' in id/name/class) were found.\n\nResult: Appointment booking cannot be completed because required UI controls are absent/unavailable. Specific blocking issues:\n- Service selector control not present or not visible in DOM. Without service selection, scheduling may be blocked.\n- No time-slot elements found after selecting different doctors and advancing steps. No clickable time buttons or elements containing time strings were discovered.\n\nEvidence and artifacts:\n- DOM inspection output saved to extracted_content_0.md (attached). This contains the JS query results used to search for time/service elements.\n\nRecommended next debugging steps for developers / testers:\n1. Check browser console for JavaScript errors that may prevent rendering of service/time components.\n2. Verify backend APIs that provide services and available slots return expected data for the chosen doctors. If API fails or returns empty lists, UI may intentionally hide controls.\n3. Inspect CSS/visibility rules that may hide the service selector or time slots (display:none, visibility:hidden, off-screen transforms).\n4. Reproduce in a dev environment and inspect DOM live (Elements panel) to find elements that may be created in shadow DOM or via components not captured by the DOM inspector script.\n5. If the service selector is required before showing time slots, ensure the service component is present and populated; if not, fix service population logic.\n6. Add debug logs or temporary visible markers in the UI rendering code to confirm whether the components are attempted to be mounted.\n\nConclusion: Test could not validate end-to-end appointment booking because key UI controls (service selector and time slots) were not present/clickable. The test stops here; success=false.\n\n\nAttachments:\n\nextracted_content_0.md:\n<url>\nhttp://localhost:3000/appointments/book\n</url>\n<query>\nLocate any page elements that could represent scheduling time slots or the service selector. Return a list of elements that contain time-like strings (patterns: '\\b\\d{1,2}:\\d{2}\\b', 'AM', 'PM', '\\b\\d{1,2}\\s?(AM|PM)\\b', 24-hour times like '14:00') and any <select> elements, dropdown toggles, inputs or buttons whose name/id/class/aria-label contains 'service' or 'service_id' or 'service'. For each element include: tag, text (trimmed), id, class, all attributes (data-* included), role/aria-label if present, and whether the element is visible. Also indicate if the element is a button/input/select and whether it is clickable. If no such elements exist, state 'no time or service controls found'.\n</query>\n<result>\n- Element 1\n  - tag: text node (original HTML tag not present in provided markdown)\n  - text (trimmed): \"Sun - Fri: 7:00 AM - 7:00 PM\"\n  - id: not present in provided markdown\n  - class: not present in provided markdown\n  - all attributes (data-* included): none present in provided markdown\n  - role / aria-label: none present in provided markdown\n  - visible: yes (present in page content)\n  - element type: not a button/input/select (plain text)\n  - clickable: no information of clickability in provided markdown (treated as not clickable)\n\n- Element 2\n  - tag: text node (original HTML tag not present in provided markdown)\n  - text (trimmed): \"Saturday: 8:00 AM - 5:00 PM\"\n  - id: not present in provided markdown\n  - class: not present in provided markdown\n  - all attributes (data-* included): none present in provided markdown\n  - role / aria-label: none present in provided markdown\n  - visible: yes (present in page content)\n  - element type: not a button/input/select (plain text)\n  - clickable: no information of clickability in provided markdown (treated as not clickable)\n\n- Additional notes\n  - No <select> elements, dropdown toggles, inputs or buttons with name/id/class/aria-label containing \"service\" or \"service_id\" or \"service\" were present in the provided markdown.\n  - No other time-like strings (patterns matching \\b\\d{1,2}:\\d{2}\\b, AM/PM, or 24-hour times) were found in the provided markdown beyond the two entries above.\n\nIf more of the original HTML is available (attributes/tags were stripped/truncated), provide it or use start_from_char to continue from where truncation occurred.\n</result>",
    "testType": "FRONTEND",
    "createFrom": "mcp",
    "testVisualization": "https://testsprite-videos.s3.us-east-1.amazonaws.com/5418b438-d091-7099-5fe3-a3a451f5e8cc/1770033581412253//tmp/test_task/result.webm",
    "created": "2026-02-02T11:49:10.937Z",
    "modified": "2026-02-02T11:59:41.551Z"
  },
  {
    "projectId": "d83e8fba-8393-4331-95cc-3166df837806",
    "testId": "a4410cac-3635-47f9-8f7f-4e3a8c7109c8",
    "userId": "5418b438-d091-7099-5fe3-a3a451f5e8cc",
    "title": "TC004-Appointment booking validations prevent submission with invalid data",
    "description": "Ensure input validations prevent proceeding with missing or invalid fields like empty patient name, invalid email, or past date selection.",
    "code": "import asyncio\nfrom playwright import async_api\n\nasync def run_test():\n    pw = None\n    browser = None\n    context = None\n\n    try:\n        # Start a Playwright session in asynchronous mode\n        pw = await async_api.async_playwright().start()\n\n        # Launch a Chromium browser in headless mode with custom arguments\n        browser = await pw.chromium.launch(\n            headless=True,\n            args=[\n                \"--window-size=1280,720\",         # Set the browser window size\n                \"--disable-dev-shm-usage\",        # Avoid using /dev/shm which can cause issues in containers\n                \"--ipc=host\",                     # Use host-level IPC for better stability\n                \"--single-process\"                # Run the browser in a single process mode\n            ],\n        )\n\n        # Create a new browser context (like an incognito window)\n        context = await browser.new_context()\n        context.set_default_timeout(5000)\n\n        # Open a new page in the browser context\n        page = await context.new_page()\n\n        # Navigate to your target URL and wait until the network request is committed\n        await page.goto(\"http://localhost:3000/admin\", wait_until=\"commit\", timeout=10000)\n\n        # Wait for the main page to reach DOMContentLoaded state (optional for stability)\n        try:\n            await page.wait_for_load_state(\"domcontentloaded\", timeout=3000)\n        except async_api.Error:\n            pass\n\n        # Iterate through all iframes and wait for them to load as well\n        for frame in page.frames:\n            try:\n                await frame.wait_for_load_state(\"domcontentloaded\", timeout=3000)\n            except async_api.Error:\n                pass\n\n        # Interact with the page elements to simulate user flow\n        # -> Navigate to http://localhost:3000/admin\n        await page.goto(\"http://localhost:3000/admin\", wait_until=\"commit\", timeout=10000)\n        \n        # -> Open the main site root to locate a working admin login or appointment booking page (try http://localhost:3000).\n        await page.goto(\"http://localhost:3000\", wait_until=\"commit\", timeout=10000)\n        \n        # -> Click the 'Book Appointment' link in the page header to open the appointment booking page (element index 171), then run the validation tests on the booking form.\n        frame = context.pages[-1]\n        # Click element\n        elem = frame.locator('xpath=html/body/header/div/nav/div[2]/a').nth(0)\n        await page.wait_for_timeout(3000); await elem.click(timeout=5000)\n        \n        # -> Select a doctor (choose Dr. Bikash Sharma) and click Next to go to the 'Choose Time' step so a past date can be picked and date validation tested.\n        frame = context.pages[-1]\n        # Click element\n        elem = frame.locator('xpath=html/body/main/section[3]/div/div[1]/div/button[1]').nth(0)\n        await page.wait_for_timeout(3000); await elem.click(timeout=5000)\n        \n        frame = context.pages[-1]\n        # Click element\n        elem = frame.locator('xpath=html/body/div[4]/button').nth(0)\n        await page.wait_for_timeout(3000); await elem.click(timeout=5000)\n        \n        # -> Select a different doctor (not the previously-clicked element) and then click the 'Next' control to advance to the 'Choose Time' step so date-picking and date validation can be tested.\n        frame = context.pages[-1]\n        # Click element\n        elem = frame.locator('xpath=html/body/main/section[3]/div/div[1]/div/button[2]').nth(0)\n        await page.wait_for_timeout(3000); await elem.click(timeout=5000)\n        \n        # -> Reload /appointments/book (refresh the booking page) to allow JavaScript to reinitialize and reveal the Choose Time and Your Details controls. After reload, locate datepicker/date buttons/time slots and the patient detail inputs for validation tests.\n        await page.goto(\"http://localhost:3000/appointments/book\", wait_until=\"commit\", timeout=10000)\n        \n        # -> Click a different doctor (not previously clicked twice) to attempt to trigger the Choose Time step, then programmatically click the 'Next' control (via JS evaluate) to advance. After advancing, extract the Choose Time calendar/time-slot controls and the Your Details input fields for validation testing (datepicker, per-date buttons and their disabled state, time slots, patient name/email/phone inputs, and any inline validation messages).\n        frame = context.pages[-1]\n        # Click element\n        elem = frame.locator('xpath=html/body/main/section[3]/div/div[1]/div/button[3]').nth(0)\n        await page.wait_for_timeout(3000); await elem.click(timeout=5000)\n        \n        # --> Assertions to verify final state\n        frame = context.pages[-1]\n        try:\n            await expect(frame.locator('text=Please enter a valid email address').first).to_be_visible(timeout=3000)\n        except AssertionError:\n            raise AssertionError(\"Test case failed: The appointment booking form did not display the email format validation message 'Please enter a valid email address' after entering an invalid email, so email validation did not prevent proceeding as expected\")\n        await asyncio.sleep(5)\n\n    finally:\n        if context:\n            await context.close()\n        if browser:\n            await browser.close()\n        if pw:\n            await pw.stop()\n\nasyncio.run(run_test())\n    ",
    "testStatus": "FAILED",
    "testError": "Final report — validation tests could not be completed (success=false).\n\nWhat was attempted:\n- Opened the site and navigated to the booking page (/appointments/book).\n- Attempted to proceed without selecting a service to trigger a 'service required' validation (no validation message shown).\n- Repeated extraction of visible text/alerts (5 snapshots). No inline validation messages, datepicker, timeslots, or patient detail inputs were found in any snapshot.\n- Tried selecting multiple doctors (used two attempts on Dr. Bikash Sharma, then selected Dr. Sunita Thapa and Dr. Ram Prasad KC) and clicked Next repeatedly (including programmatic Next clicks). The booking UI remained stuck on Step 1 (Select Doctor) and did not render Step 2 (Choose Time) or Step 3 (Your Details).\n- Scrolled and reloaded the page to reinitialize scripts; still no date/time or patient detail controls.\n\nWhy the tests failed:\n- The dynamic booking step content (Choose Time and Your Details) did not render after selecting a doctor and advancing the UI. Without the datepicker, time-slot buttons, and patient detail inputs, verification of: (a) preventing a past date selection, (b) preventing proceeding with empty patient name, and (c) invalid email format checks cannot be performed.\n\nSuggested next steps for the site operator/developer before re-running tests:\n1) Check browser console and network for JS errors or failing requests when loading /appointments/book and when clicking Next. If the client JS fails, fix the error and redeploy.\n2) Confirm the booking component mounts and transitions between steps in the expected manner. If a conditional render is blocked (CSS/display/visibility), adjust accordingly.\n3) If available, provide a direct URL or query param that opens the booking flow at Choose Time or Your Details (e.g., /appointments/book?step=2) so tests can target those controls directly.\n4) If the app requires specific server state or API responses (e.g., available dates/times), ensure backend endpoints are up and returning expected data.\n\nWhat to provide back to the tester to continue:\n- A working booking page where Step 2 and Step 3 render after selecting a doctor, OR\n- Console logs or network failures from a browser reproducing the issue, OR\n- A direct link to the booking step with date/time and patient detail inputs visible.\n\nFiles captured during attempts: extracted_content_0.md .. extracted_content_4.md (page snapshots; they contain no date/time/inputs).\n\nResult: success=false — unable to complete the requested validation checks due to the booking UI not rendering the required controls. Provide the fixes or additional debugging info and re-run the tests.\n\nAttachments:\n\nextracted_content_0.md:\n<url>\nhttp://localhost:3000/appointments/book\n</url>\n<query>\nExtract all visible text, banners, alerts, and inline form validation messages currently visible on the booking page after clicking Next without selecting a service. Specifically look for phrases like 'required', 'please select', 'select a service', 'error', 'invalid', or any role='alert' or elements with class names containing 'error', 'alert', 'invalid', 'help-block'. Return the surrounding text for context.\n</query>\n<result>\nValidation/alert messages found: NONE\n\nNo visible banners, alerts, inline form validation messages, role=\"alert\" attributes, or elements with class names containing \"error\", \"alert\", \"invalid\", or \"help-block\" were present in the provided page content.\n\nRelevant surrounding text/context (areas where a validation message would be expected after clicking Next without selecting a service):\n\n- Header / contact:\n  +977 9841-234567info@omchabahildental.com.npChabahil, Koteshwor, Kathmandu\n\n- Page title / intro:\n  Book an Appointment\n  Schedule your visit in just a few steps\n\n- Steps:\n  1\n  Select Doctor\n  2\n  Choose Time\n  3\n  Your Details\n\n- Section heading:\n  Select a Doctor\n\n- Doctor list (each entry shown as code, name, specialty, fee):\n  BS\n  Dr. Bikash Sharma\n  General Dentistry\n  Rs. 500 consultation\n\n  ST\n  Dr. Sunita Thapa\n  Orthodontics\n  Rs. 800 consultation\n\n  RPK\n  Dr. Ram Prasad KC\n  Oral Surgery\n  Rs. 1000 consultation\n\n  AG\n  Dr. Anita Gurung\n  Endodontics\n  Rs. 700 consultation\n\n  SA\n  Dr. Suman Adhikari\n  Prosthodontics\n  Rs. 600 consultation\n\n  PS\n  Dr. Priya Shrestha\n  Pediatric Dentistry\n  Rs. 550 consultation\n\n  RM\n  Dr. Rajesh Maharjan\n  Periodontics\n  Rs. 900 consultation\n\n  MT\n  Dr. Maya Tamang\n  Cosmetic Dentistry\n  Rs. 750 consultation\n\n- Navigation buttons (as shown in page text):\n  BackNext\n\n- Footer / clinic blurb (context):\n  Om Chabahil Dental\n  Koteshwor, Kathmandu\n  Your trusted dental care partner in Kathmandu. Providing quality dental services with modern technology and experienced professionals.\n  Chabahil, Koteshwor  \n  Kathmandu, Nepal+977 9841-234567info@omchabahildental.com.np\n  Sun - Fri: 7:00 AM - 7:00 PM\n  Saturday: 8:00 AM - 5:00 PM\n\nNote: If more page content exists beyond the provided excerpt, use start_from_char to continue extraction.\n</result>\n\nextracted_content_1.md:\n<url>\nhttp://localhost:3000/appointments/book\n</url>\n<query>\nAfter the previous interactions (Next clicked without selecting a service and doctor selection attempts), extract all visible text, role='alert' elements, and any inline validation messages currently shown. Additionally, identify calendar/datepicker elements, lists of date buttons (with any disabled/aria-disabled attributes), and locate the 'Next' and 'Back' controls: return surrounding text and DOM hints (e.g., button labels, aria-labels, classes containing 'error','alert','invalid','help-block', and attributes for date buttons). Also include the indexes (if present in the interactive elements list) or descriptive selectors for the 'Next' and any date controls so the next action can use them.\n</query>\n<result>\nVisible text (full, in document order)\n+977 9841-234567info@omchabahildental.com.npChabahil, Koteshwor, Kathmandu\nStaff Login\n(alt text) Om Chabahil Dental\nOm Chabahil Dental\nKoteshwor, Kathmandu\nHome\nAbout Us\nServices\nOur Doctors\nPatients\nBlog\nContact\nBook Appointment\nBook an Appointment\nSchedule your visit in just a few steps\n1\nSelect Doctor\n2\nChoose Time\n3\nYour Details\nSelect a Doctor\nBS\nDr. Bikash Sharma\nGeneral Dentistry\nRs. 500 consultation\nST\nDr. Sunita Thapa\nOrthodontics\nRs. 800 consultation\nRPK\nDr. Ram Prasad KC\nOral Surgery\nRs. 1000 consultation\nAG\nDr. Anita Gurung\nEndodontics\nRs. 700 consultation\nSA\nDr. Suman Adhikari\nProsthodontics\nRs. 600 consultation\nPS\nDr. Priya Shrestha\nPediatric Dentistry\nRs. 550 consultation\nRM\nDr. Rajesh Maharjan\nPeriodontics\nRs. 900 consultation\nMT\nDr. Maya Tamang\nCosmetic Dentistry\nRs. 750 consultation\nBackNext\n(alt text) Om Chabahil Dental\nOm Chabahil Dental\nKoteshwor, Kathmandu\nYour trusted dental care partner in Kathmandu. Providing quality dental services with modern technology and experienced professionals.\nChabahil, Koteshwor  \nKathmandu, Nepal+977 9841-234567info@omchabahildental.com.np\nSun - Fri: 7:00 AM - 7:00 PM\nSaturday: 8:00 AM - 5:00 PM\nServices\n- General Dentistry\n- Orthodontics\n- Root Canal Treatment\n- Dental Implants\n- Cosmetic Dentistry\n- Pediatric Dentistry\nQuick Links\n- About Us\n- Our Doctors\n- Book Appointment\n- Patient Guide\n- Treatment Gallery\n- Blog\n- Contact Us\n© 2026 Om Chabahil Dental Hospital. All rights reserved.\nPrivacy PolicyTerms of Service\n\nrole=\"alert\" elements\nNone found in the provided page content.\n\nInline validation / inline error messages\nNo inline validation messages, error text, or input help-blocks visible in the provided content.\n\nCalendar / datepicker elements\nNo calendar or datepicker elements are present in the provided content.\n\nDate buttons (list of date buttons and attributes)\nNo date buttons or date-picker day elements are present; therefore no disabled or aria-disabled attributes for date controls are available.\n\nInteractive elements relevant to booking flow\n- Doctor selectable items (visible list; each entry shown as code, name, specialty, fee):\n  1) \"BS\" — \"Dr. Bikash Sharma\" — \"General Dentistry\" — \"Rs. 500 consultation\"\n  2) \"ST\" — \"Dr. Sunita Thapa\" — \"Orthodontics\" — \"Rs. 800 consultation\"\n  3) \"RPK\" — \"Dr. Ram Prasad KC\" — \"Oral Surgery\" — \"Rs. 1000 consultation\"\n  4) \"AG\" — \"Dr. Anita Gurung\" — \"Endodontics\" — \"Rs. 700 consultation\"\n  5) \"SA\" — \"Dr. Suman Adhikari\" — \"Prosthodontics\" — \"Rs. 600 consultation\"\n  6) \"PS\" — \"Dr. Priya Shrestha\" — \"Pediatric Dentistry\" — \"Rs. 550 consultation\"\n  7) \"RM\" — \"Dr. Rajesh Maharjan\" — \"Periodontics\" — \"Rs. 900 consultation\"\n  8) \"MT\" — \"Dr. Maya Tamang\" — \"Cosmetic Dentistry\" — \"Rs. 750 consultation\"\n- Back and Next controls (visible text)\n  - The page shows the concatenated text \"BackNext\" where the navigation controls appear. No separate HTML attributes, aria-labels, classes, or indexes are present in the supplied content.\n  - Surrounding text context: immediately precedes \"BackNext\" is the last doctor entry (\"MT — Dr. Maya Tamang ... Rs. 750 consultation\"); follows \"BackNext\" is footer/logo and site summary.\n  - DOM hints present in content: only the visible labels \"Back\" and \"Next\" (concatenated as \"BackNext\"). No classes/aria-labels/ids are shown in the provided markup.\n  - Suggested descriptive selectors (based on visible text, because no explicit attributes provided):\n    - Selector for Next: element with visible text \"Next\"\n      - XPath examples (use depending on actual DOM element type): //*[normalize-space(text())='Next'] or //button[normalize-space(.)='Next'] or //a[normalize-space(.)='Next']\n    - Selector for Back: element with visible text \"Back\"\n      - XPath examples: //*[normalize-space(text())='Back'] or //button[normalize-space(.)='Back'] or //a[normalize-space(.)='Back']\n  - Indexes: No numeric indexes for these interactive elements are present in the provided content. Use text-based selectors above.\n\nClasses/attributes containing 'error','alert','invalid','help-block'\nNone found in the provided content.\n\nAttributes for date buttons\nNo date buttons present; therefore no attributes (disabled, aria-disabled, data-*, etc.) for date controls are available.\n\nNotes / next-action hints\n- Because the page shows \"BackNext\" only as concatenated visible text and no attributes or roles are provided in the snippet, the next action should target elements by visible text (\"Next\" / \"Back\") or by their position relative to the doctor list (the navigation control area immediately after the doctor list).\n- If more precise selectors or role/attribute data is required, provide page HTML starting at or after the doctor list (use start_from_char to continue).\n</result>\n\nextracted_content_2.md:\n<url>\nhttp://localhost:3000/appointments/book\n</url>\n<query>\nOn the current appointment booking page (http://localhost:3000/appointments/book) list all interactive elements relevant to the 'Choose Time' and 'Your Details' steps. Specifically: \n- Provide the interactive element indexes (from the page's interactive elements list) for any datepicker/calendar controls, date buttons, or time-slot buttons; include attributes visible from the DOM listing such as disabled, aria-disabled, data-date, aria-label or any class names that indicate disabled/state. For each date/time element include surrounding label/text.\n- Provide the interactive element index for the 'Next' control (or any Continue/Proceed button) that advances from Choose Time to Your Details.\n- Provide the interactive element indexes for input fields on the 'Your Details' step: patient name, email, phone (if present), and any submit button on that step; include placeholder/label text where available.\n- Extract any currently visible inline validation/error messages or role=\"alert\" elements and their text.\nReturn this as structured text with element index numbers and the short surrounding text for context. If the datepicker uses a native <input type=\"date\"> or custom calendar, include the input index and any sample attribute values found.\n</query>\n<result>\nChoose Time — datepicker / calendar controls\n1. Interactive element index: not present / not available in provided markup\n   - Surrounding text/context: No datepicker, calendar widget, native <input type=\"date\">, date buttons, or time-slot buttons are present in the provided page content for the \"Choose Time\" step.\n   - Notes: No attributes (disabled, aria-disabled, data-date, aria-label, class names) related to dates or times are shown in the markup.\n\nChoose Time — individual date / date-button elements\n2. Interactive element index: not present / not available in provided markup\n   - Surrounding text/context: No per-date buttons or elements found.\n\nChoose Time — individual time-slot buttons\n3. Interactive element index: not present / not available in provided markup\n   - Surrounding text/context: No time-slot buttons or entries found.\n\nControl that advances from Choose Time to Your Details (Next / Continue / Proceed)\n4. Interactive element index: not available in provided markup\n   - Surrounding text/context: The page shows the text \"BackNext\" (adjacent to the doctor selection list and step indicators). No separate DOM listing or attributes for a \"Next\" button (or Continue/Proceed control) are present in the provided markdown.\n   - Notes: Cannot extract an element index or attributes because the DOM/interactable list is not included in the content supplied.\n\nYour Details — input fields and submit on that step\n5. Patient name input\n   - Interactive element index: not present / not available in provided markup\n   - Surrounding text/context: No \"Your Details\" form fields (name) visible in the provided content.\n\n6. Email input\n   - Interactive element index: not present / not available in provided markup\n   - Surrounding text/context: No email input found.\n\n7. Phone input\n   - Interactive element index: not present / not available in provided markup\n   - Surrounding text/context: No phone input found.\n\n8. Submit / Book / Confirm button on Your Details step\n   - Interactive element index: not present / not available in provided markup\n   - Surrounding text/context: No submit or final confirmation button shown in the provided content.\n\nVisible inline validation / role=\"alert\" elements\n9. Interactive element index: none found\n   - Text: No inline validation messages or elements with role=\"alert\" are present in the provided markup.\n\nAdditional notes\n- The provided page content contains the booking step headings (\"1 Select Doctor\", \"2 Choose Time\", \"3 Your Details\") and a doctor list, and shows the text \"BackNext\", but does not include the DOM/interactable-element listing or the markup for the Choose Time calendar/times or the Your Details form inputs.\n- If the page content was truncated and you expect missing interactive elements, provide the next portion using the start_from_char parameter so I can continue extraction from where the content was cut off.\n</result>\n\nextracted_content_3.md:\n<url>\nhttp://localhost:3000/appointments/book\n</url>\n<query>\nAfter scrolling, extract all visible text and interactive elements relevant to the 'Choose Time' and 'Your Details' steps. Specifically list any datepicker/calendar controls, per-date buttons or elements (include attributes like disabled, aria-disabled, data-date, aria-label, class names), time-slot buttons (with state), the 'Next' and 'Back' control indexes (or their exact element indexes), and the input field indexes for patient name, email, phone and the final submit/confirm button. Also extract any inline validation/error messages or elements with role='alert' and their text. Return element indexes (from the interactive elements list) and short surrounding text for context. If the datepicker uses a native <input type=\"date\"> include its index and attributes.\n</query>\n<result>\nSummary of relevant findings (only using provided page content):\n\nFound textual headings/steps\n- \"1 Select Doctor 2 Choose Time 3 Your Details\" — surrounding text: \"# Book an Appointment\\nSchedule your visit in just a few steps\\n1\\nSelect Doctor\\n2\\nChoose Time\\n3\\nYour Details\"\n- \"## Select a Doctor\" — shows the page is currently displaying the Select Doctor step and doctor list follows.\n\nVisible navigation/control text\n- \"BackNext\" — exact contiguous text appears after the doctor list. Surrounding text: list of doctors then \"BackNext\". No separate markup or attributes available in the provided content.\n\nMissing / Not present in the provided content\n- No datepicker/calendar controls are present in the page content.\n- No per-date buttons/elements (no attributes such as disabled, aria-disabled, data-date, aria-label, class names) are present.\n- No time-slot buttons or any state information for time slots are present.\n- No explicit Next or Back element indexes or markup are present — only the text \"BackNext\" appears; no element list or indexes available.\n- No input fields for patient name, email, phone are present in the provided content (no input elements or indexes).\n- No final submit/confirm button is present in the provided content.\n- No inline validation or error messages, and no elements with role=\"alert\" are present.\n\nNotes\n- The content appears to show only the Select Doctor step and doctor listings; Choose Time and Your Details step contents (including datepicker, timeslots, form inputs, Next/Back element markup and validation messages) are not included in the supplied markdown.\n- If the page was truncated, provide a continuation using the start_from_char parameter to return the remainder of the page so the missing interactive elements and their attributes can be extracted.\n</result>\n\nextracted_content_4.md:\n<url>\nhttp://localhost:3000/appointments/book\n</url>\n<query>\nAfter attempting to advance from Select Doctor to Choose Time, extract all visible interactive elements and validation messages relevant to the Choose Time and Your Details steps. Specifically list:\n- Any calendar/datepicker controls or <input type=\"date\"> (include selector, input type, attributes like disabled, aria-disabled, data-date, aria-label, class names)\n- Per-date buttons/elements (include attributes and visible text)\n- Time-slot buttons and their enabled/disabled state\n- The 'Next' and 'Back' control elements (selectors/indexes) that advance between steps\n- Input fields on the 'Your Details' step: patient name, email, phone (include placeholder/label text and selectors/indexes)\n- The final submit/confirm button (selector/index) on the Your Details step\n- Any inline validation/error messages or elements with role=\"alert\" and their text\nIf an element type is not present, explicitly state 'not found'. Provide any element indexes available from the page interactive list if present, otherwise provide a clear CSS selector or text-based locator.\n</query>\n<result>\nCalendar/datepicker controls / <input type=\"date\">\n- Not found on the page. No <input type=\"date\">, no calendar/datepicker markup, no elements with attributes like data-date, aria-label for dates, or class names indicating a calendar.\n\nPer-date buttons / per-date elements\n- Not found. No per-date buttons or date-cell elements are present in the provided content.\n\nTime-slot buttons and enabled/disabled state\n- Not found. No time-slot buttons or any elements representing available/unavailable times are present.\n\n'Next' and 'Back' control elements (that advance between steps)\n- Visible text-only controls in the doctor-selection area: \"BackNext\" (rendered together in the markdown).\n- Locators:\n  - Back: text \"Back\" (appears immediately after the list of doctors). No surrounding element tag, class, or id shown in the page content.\n  - Next: text \"Next\" (appears immediately after the list of doctors). No surrounding element tag, class, or id shown in the page content.\n- Indexes: not available in the page interactive list. Only text-based locators (\"Back\", \"Next\") can be used from the provided content.\n\nInput fields on the 'Your Details' step (patient name, email, phone)\n- Patient name input: not found. No label, placeholder, or input element for patient name in the provided content.\n- Email input: not found. No label, placeholder, or input element for email in the provided content.\n- Phone input: not found. No label, placeholder, or input element for phone in the provided content.\n\nFinal submit / confirm button on the Your Details step\n- Not found. No submit, confirm, or equivalent button is present for the Your Details step in the provided content.\n\nInline validation / error messages or elements with role=\"alert\"\n- Not found. No inline validation messages, error text, or elements with role=\"alert\" are present in the provided content.\n\nAdditional notes\n- Doctor list (Select a Doctor) is present (multiple \"### Dr. ...\" entries and consultation prices), but no explicit selection controls (radio/button inputs, data attributes, or links) are shown in the provided markdown.\n- The page content provided appears to end after footer info; if more interactive markup was present but truncated, provide start_from_char to continue.\n</result>",
    "testType": "FRONTEND",
    "createFrom": "mcp",
    "testVisualization": "https://testsprite-videos.s3.us-east-1.amazonaws.com/5418b438-d091-7099-5fe3-a3a451f5e8cc/177003374827095//tmp/test_task/result.webm",
    "created": "2026-02-02T11:49:10.942Z",
    "modified": "2026-02-02T12:02:28.437Z"
  },
  {
    "projectId": "d83e8fba-8393-4331-95cc-3166df837806",
    "testId": "7f4ebc8a-c52a-4331-a68a-a0b83d020310",
    "userId": "5418b438-d091-7099-5fe3-a3a451f5e8cc",
    "title": "TC005-Admin login succeeds with valid credentials and remember me option",
    "description": "Verify that the admin can log in using valid email and password, and 'Remember Me' keeps the session active.",
    "code": "import asyncio\nfrom playwright import async_api\n\nasync def run_test():\n    pw = None\n    browser = None\n    context = None\n\n    try:\n        # Start a Playwright session in asynchronous mode\n        pw = await async_api.async_playwright().start()\n\n        # Launch a Chromium browser in headless mode with custom arguments\n        browser = await pw.chromium.launch(\n            headless=True,\n            args=[\n                \"--window-size=1280,720\",         # Set the browser window size\n                \"--disable-dev-shm-usage\",        # Avoid using /dev/shm which can cause issues in containers\n                \"--ipc=host\",                     # Use host-level IPC for better stability\n                \"--single-process\"                # Run the browser in a single process mode\n            ],\n        )\n\n        # Create a new browser context (like an incognito window)\n        context = await browser.new_context()\n        context.set_default_timeout(5000)\n\n        # Open a new page in the browser context\n        page = await context.new_page()\n\n        # Navigate to your target URL and wait until the network request is committed\n        await page.goto(\"http://localhost:3000/admin\", wait_until=\"commit\", timeout=10000)\n\n        # Wait for the main page to reach DOMContentLoaded state (optional for stability)\n        try:\n            await page.wait_for_load_state(\"domcontentloaded\", timeout=3000)\n        except async_api.Error:\n            pass\n\n        # Iterate through all iframes and wait for them to load as well\n        for frame in page.frames:\n            try:\n                await frame.wait_for_load_state(\"domcontentloaded\", timeout=3000)\n            except async_api.Error:\n                pass\n\n        # Interact with the page elements to simulate user flow\n        # -> Navigate to http://localhost:3000/admin\n        await page.goto(\"http://localhost:3000/admin\", wait_until=\"commit\", timeout=10000)\n        \n        # -> Navigate to the admin login page at /admin/login and load the login form.\n        await page.goto(\"http://localhost:3000/admin/login\", wait_until=\"commit\", timeout=10000)\n        \n        # -> Reload the /admin/login page to attempt to load missing assets, then wait briefly to see if the SPA completes the authentication check and the login form appears.\n        await page.goto(\"http://localhost:3000/admin/login\", wait_until=\"commit\", timeout=10000)\n        \n        await asyncio.sleep(5)\n\n    finally:\n        if context:\n            await context.close()\n        if browser:\n            await browser.close()\n        if pw:\n            await pw.stop()\n\nasyncio.run(run_test())\n    ",
    "testStatus": "FAILED",
    "testError": "Task stopped because login verification cannot proceed. Summary of findings and recommended next steps:\n\nFindings (evidence):\n- Browser shows only: 'Checking authentication...' and no interactive elements (login form not shown).\n- read_state contains Next.js error page body with a server-side ModuleBuildError. Key excerpt: \"Module build failed ... Unexpected token `div`. Expected jsx identifier\" at src/app/admin/appointments/page.tsx around line 127. This indicates a JSX/syntax error in the admin appointments page causing the server to return HTTP 500.\n- Performance/resource diagnostics show several Next.js chunk scripts with null/zero transfer sizes and dev server navigation entry. API checks returned 404 for /api/auth/session and /api/auth/csrf (likely because the server failed to properly start or routes are unavailable due to build error).\n- All attempted client-side actions (reloads, waits, diagnostics) confirmed the SPA is blocked by the server error; no login form could be reached, so no credential input or 'Remember Me' check could be performed.\n\nWhy login verification failed:\n- The Next.js app is failing to build or serve pages due to a syntax error in admin code. When the server fails to build pages, client-side auth checks and API endpoints are not reachable or return 404/500, so the login UI never loads.\n\nRecommended immediate actions for developer / operator (to enable re-running this test):\n1. Open the project file: src/app/admin/appointments/page.tsx. Inspect around line 127 where the error points to an unexpected token `div`. The error message suggests invalid JSX syntax (maybe missing parentheses, stray characters, or improper export). Fix the JSX/syntax error.\n2. Restart the Next.js dev/prod server to rebuild (e.g., stop and run npm run dev / next build + next start). Confirm the server starts without build errors.\n3. Verify server routes: confirm /api/auth/session and /api/auth/csrf respond successfully (200) and that /admin/login loads the login form.\n4. After server fix and restart, reload http://localhost:3000/admin/login in the browser and confirm the login form appears.\n\nHow to re-run the verification once fixed (step-by-step to perform after fix):\n- Reload /admin/login and wait for login form.\n- Fill email: admin@omchabahildental.com.np and password: Admin@123.\n- Check the 'Remember Me' checkbox.\n- Click Login and confirm redirection to admin dashboard and presence of dashboard UI.\n- Close and reopen the browser (or restart the app tab), reload /admin/login (or go to /admin), and confirm session persistence caused by 'Remember Me' (admin still logged in).\n- If required, continue with CRUD tests across admin sections (Doctors, Appointments, Services, Testimonials, Blog, Enquiries, Users, Gallery, Media, Content Pages) after login is successful.\n\nIf assistance is needed to interpret the exact syntax error, provide the contents of src/app/admin/appointments/page.tsx (or the relevant snippet around lines 110-140). The error message can be used to pinpoint and correct the JSX token problem.\n\nResult: login verification could not run due to server build error. No login steps were executed. Success: false.",
    "testType": "FRONTEND",
    "createFrom": "mcp",
    "testVisualization": "https://testsprite-videos.s3.us-east-1.amazonaws.com/5418b438-d091-7099-5fe3-a3a451f5e8cc/1770033245305091//tmp/test_task/result.webm",
    "created": "2026-02-02T11:49:10.947Z",
    "modified": "2026-02-02T11:54:05.412Z"
  },
  {
    "projectId": "d83e8fba-8393-4331-95cc-3166df837806",
    "testId": "ab8fffab-ea0e-4ec1-9f17-199e3f656551",
    "userId": "5418b438-d091-7099-5fe3-a3a451f5e8cc",
    "title": "TC006-Admin login fails with incorrect credentials showing error",
    "description": "Validate login failure occurs with invalid email or password with appropriate error messages.",
    "code": "import asyncio\nfrom playwright import async_api\n\nasync def run_test():\n    pw = None\n    browser = None\n    context = None\n\n    try:\n        # Start a Playwright session in asynchronous mode\n        pw = await async_api.async_playwright().start()\n\n        # Launch a Chromium browser in headless mode with custom arguments\n        browser = await pw.chromium.launch(\n            headless=True,\n            args=[\n                \"--window-size=1280,720\",         # Set the browser window size\n                \"--disable-dev-shm-usage\",        # Avoid using /dev/shm which can cause issues in containers\n                \"--ipc=host\",                     # Use host-level IPC for better stability\n                \"--single-process\"                # Run the browser in a single process mode\n            ],\n        )\n\n        # Create a new browser context (like an incognito window)\n        context = await browser.new_context()\n        context.set_default_timeout(5000)\n\n        # Open a new page in the browser context\n        page = await context.new_page()\n\n        # Navigate to your target URL and wait until the network request is committed\n        await page.goto(\"http://localhost:3000/admin\", wait_until=\"commit\", timeout=10000)\n\n        # Wait for the main page to reach DOMContentLoaded state (optional for stability)\n        try:\n            await page.wait_for_load_state(\"domcontentloaded\", timeout=3000)\n        except async_api.Error:\n            pass\n\n        # Iterate through all iframes and wait for them to load as well\n        for frame in page.frames:\n            try:\n                await frame.wait_for_load_state(\"domcontentloaded\", timeout=3000)\n            except async_api.Error:\n                pass\n\n        # Interact with the page elements to simulate user flow\n        # -> Navigate to http://localhost:3000/admin\n        await page.goto(\"http://localhost:3000/admin\", wait_until=\"commit\", timeout=10000)\n        \n        # -> Navigate to the admin login URL (try http://localhost:3000/admin/login) to reach the login form so invalid credentials can be submitted.\n        await page.goto(\"http://localhost:3000/admin/login\", wait_until=\"commit\", timeout=10000)\n        \n        # --> Assertions to verify final state\n        frame = context.pages[-1]\n        try:\n            await expect(frame.locator('text=Invalid email or password').first).to_be_visible(timeout=3000)\n        except AssertionError:\n            raise AssertionError(\"Test case failed: Expected an error message indicating invalid email or password after submitting incorrect admin credentials, but the error did not appear, so login failure was not properly reported\")\n        await asyncio.sleep(5)\n\n    finally:\n        if context:\n            await context.close()\n        if browser:\n            await browser.close()\n        if pw:\n            await pw.stop()\n\nasyncio.run(run_test())\n    ",
    "testStatus": "FAILED",
    "testError": "Test could not be completed: the admin login page is stuck showing only 'Checking authentication...' and no login inputs or buttons are present. Attempts performed: navigation to /admin and /admin/login, two waits (short and longer), and a DOM inspection that returned readyState='complete', body='Checking authentication...', and no input elements. Result: login form inaccessible so invalid-credentials behaviour cannot be validated. Recommended remediation steps: ensure the authentication/backend service is running and reachable by the SPA; check browser console/server logs for errors; confirm the client JS bundles are loading and executing; or provide a direct URL or a static login page that contains the email/password inputs. Once the login form is reachable, repeat these steps: 1) navigate to admin login, 2) enter invalid credentials, 3) submit, 4) verify the error message. Current attempt status: success=false.",
    "testType": "FRONTEND",
    "createFrom": "mcp",
    "testVisualization": "https://testsprite-videos.s3.us-east-1.amazonaws.com/5418b438-d091-7099-5fe3-a3a451f5e8cc/1770033129321286//tmp/test_task/result.webm",
    "created": "2026-02-02T11:49:10.952Z",
    "modified": "2026-02-02T11:52:09.439Z"
  },
  {
    "projectId": "d83e8fba-8393-4331-95cc-3166df837806",
    "testId": "70b7d133-faf8-448f-a546-33961007d773",
    "userId": "5418b438-d091-7099-5fe3-a3a451f5e8cc",
    "title": "TC007-Admin dashboard displays accurate analytics and recent activities",
    "description": "Verify that the dashboard loads with correct statistics, recent appointments, and enquiries overview.",
    "code": "import asyncio\nfrom playwright import async_api\n\nasync def run_test():\n    pw = None\n    browser = None\n    context = None\n\n    try:\n        # Start a Playwright session in asynchronous mode\n        pw = await async_api.async_playwright().start()\n\n        # Launch a Chromium browser in headless mode with custom arguments\n        browser = await pw.chromium.launch(\n            headless=True,\n            args=[\n                \"--window-size=1280,720\",         # Set the browser window size\n                \"--disable-dev-shm-usage\",        # Avoid using /dev/shm which can cause issues in containers\n                \"--ipc=host\",                     # Use host-level IPC for better stability\n                \"--single-process\"                # Run the browser in a single process mode\n            ],\n        )\n\n        # Create a new browser context (like an incognito window)\n        context = await browser.new_context()\n        context.set_default_timeout(5000)\n\n        # Open a new page in the browser context\n        page = await context.new_page()\n\n        # Navigate to your target URL and wait until the network request is committed\n        await page.goto(\"http://localhost:3000/admin\", wait_until=\"commit\", timeout=10000)\n\n        # Wait for the main page to reach DOMContentLoaded state (optional for stability)\n        try:\n            await page.wait_for_load_state(\"domcontentloaded\", timeout=3000)\n        except async_api.Error:\n            pass\n\n        # Iterate through all iframes and wait for them to load as well\n        for frame in page.frames:\n            try:\n                await frame.wait_for_load_state(\"domcontentloaded\", timeout=3000)\n            except async_api.Error:\n                pass\n\n        # Interact with the page elements to simulate user flow\n        # -> Navigate to http://localhost:3000/admin\n        await page.goto(\"http://localhost:3000/admin\", wait_until=\"commit\", timeout=10000)\n        \n        # -> Attempt to reach the admin login page or alternate admin route to access the dashboard (use direct URL only because no navigation elements exist on the current page).\n        await page.goto(\"http://localhost:3000/admin/login\", wait_until=\"commit\", timeout=10000)\n        \n        # -> Open the admin login page in a fresh tab to try to force a clean SPA load; if the new tab still shows only 'Checking authentication...', re-evaluate and try a different approach (reload, different admin route, or report site issue).\n        await page.goto(\"http://localhost:3000/admin/login\", wait_until=\"commit\", timeout=10000)\n        \n        # -> Open the site root (http://localhost:3000/) in a new tab to check application health and look for alternate login/dashboard routes or visible links to the admin area.\n        await page.goto(\"http://localhost:3000/\", wait_until=\"commit\", timeout=10000)\n        \n        # -> Click the 'Staff Login' link (interactive element index 254) on the site root to open the admin/staff login flow and attempt to reach the login page/dashboard.\n        frame = context.pages[-1]\n        # Click element\n        elem = frame.locator('xpath=html/body/div[2]/div/div[2]/a').nth(0)\n        await page.wait_for_timeout(3000); await elem.click(timeout=5000)\n        \n        # --> Assertions to verify final state\n        frame = context.pages[-1]\n        try:\n            await expect(frame.locator('text=Recent Appointments').first).to_be_visible(timeout=3000)\n        except AssertionError:\n            raise AssertionError(\"Test case failed: The admin dashboard did not show 'Recent Appointments' — expected the dashboard to load with analytics/statistics, a recent appointments list (with statuses), and an enquiries overview, but the recent appointments section was not visible after navigation/login\")\n        await asyncio.sleep(5)\n\n    finally:\n        if context:\n            await context.close()\n        if browser:\n            await browser.close()\n        if pw:\n            await pw.stop()\n\nasyncio.run(run_test())\n    ",
    "testStatus": "FAILED",
    "testError": "Unable to complete verification: the admin dashboard cannot be reached because the admin SPA is not initializing. Observations and diagnostics:\n\n- Current page displays only: 'Checking authentication...'. No login inputs, buttons, or dashboard UI found.\n- localStorage/sessionStorage are empty and no cookies were present for this session.\n- Scripts listed in the page (Next.js static chunks) exist but show transferSize=0 in diagnostics (client didn't receive the JavaScript bundles required to render the app).\n- serviceWorker support present; service worker unregister attempted but did not resolve the issue.\n- Network/resource diagnostics indicate static assets (_next/static/chunks/*.js, CSS, fonts) may not be served correctly by the server or blocked by the environment.\n\nWhat was not completed (remaining tests):\n- Login as admin (not attempted because login form not available).\n- Assertions: analytics/statistics, recent appointments, enquiries overview (0/3).\n- CRUD verification for 10 admin modules (0/10).\n\nRecommended next steps for engineers/maintainers:\n1) Check server logs for 4xx/5xx errors serving /_next/static/* files and for errors during Next.js build or startup.\n2) Verify that the Next.js build artifacts exist in the .next or hosting static folder and are being served by the server (correct static file route and permissions).\n3) Inspect browser DevTools Network tab for failed requests (status codes, CORS blocks, or blocked resources) when loading /admin/login.\n4) Confirm backend/auth endpoints used during 'Checking authentication...' are reachable and returning expected responses.\n5) If using a reverse proxy, ensure it forwards requests for /_next/static correctly and doesn't block chunk files.\n6) Rebuild and redeploy the Next.js app if static chunks are missing or corrupted.\n\nIf these server/static file issues are resolved, re-run the automated verification: navigate to /admin/login, log in with test credentials, then verify analytics, recent appointments, enquiries overview, and run CRUD flows for the listed modules.\n\nFor the operator: provide any server logs, network error screenshots, or the output of the browser Network tab for further assistance.",
    "testType": "FRONTEND",
    "createFrom": "mcp",
    "testVisualization": "https://testsprite-videos.s3.us-east-1.amazonaws.com/5418b438-d091-7099-5fe3-a3a451f5e8cc/1770033364304645//tmp/test_task/result.webm",
    "created": "2026-02-02T11:49:10.957Z",
    "modified": "2026-02-02T11:56:04.422Z"
  },
  {
    "projectId": "d83e8fba-8393-4331-95cc-3166df837806",
    "testId": "bece639c-cf3b-41f9-9647-2ddbe0712047",
    "userId": "5418b438-d091-7099-5fe3-a3a451f5e8cc",
    "title": "TC008-Doctors management CRUD operations function properly",
    "description": "Ensure admin can create, read, update, and delete doctor profiles, and toggle their active status.",
    "code": "import asyncio\nfrom playwright import async_api\n\nasync def run_test():\n    pw = None\n    browser = None\n    context = None\n\n    try:\n        # Start a Playwright session in asynchronous mode\n        pw = await async_api.async_playwright().start()\n\n        # Launch a Chromium browser in headless mode with custom arguments\n        browser = await pw.chromium.launch(\n            headless=True,\n            args=[\n                \"--window-size=1280,720\",         # Set the browser window size\n                \"--disable-dev-shm-usage\",        # Avoid using /dev/shm which can cause issues in containers\n                \"--ipc=host\",                     # Use host-level IPC for better stability\n                \"--single-process\"                # Run the browser in a single process mode\n            ],\n        )\n\n        # Create a new browser context (like an incognito window)\n        context = await browser.new_context()\n        context.set_default_timeout(5000)\n\n        # Open a new page in the browser context\n        page = await context.new_page()\n\n        # Navigate to your target URL and wait until the network request is committed\n        await page.goto(\"http://localhost:3000/admin\", wait_until=\"commit\", timeout=10000)\n\n        # Wait for the main page to reach DOMContentLoaded state (optional for stability)\n        try:\n            await page.wait_for_load_state(\"domcontentloaded\", timeout=3000)\n        except async_api.Error:\n            pass\n\n        # Iterate through all iframes and wait for them to load as well\n        for frame in page.frames:\n            try:\n                await frame.wait_for_load_state(\"domcontentloaded\", timeout=3000)\n            except async_api.Error:\n                pass\n\n        # Interact with the page elements to simulate user flow\n        # -> Navigate to http://localhost:3000/admin\n        await page.goto(\"http://localhost:3000/admin\", wait_until=\"commit\", timeout=10000)\n        \n        # -> Navigate directly to /admin/doctors (no clickable navigation elements on current page). Use direct URL navigation as last resort.\n        await page.goto(\"http://localhost:3000/admin/doctors\", wait_until=\"commit\", timeout=10000)\n        \n        # -> Open the site root (http://localhost:3000/) to locate the admin login or navigation links so the admin interface can be accessed.\n        await page.goto(\"http://localhost:3000/\", wait_until=\"commit\", timeout=10000)\n        \n        # -> Try to reach the admin login page by navigating to /admin/login so the admin interface can be accessed. If that page loads, look for login fields and proceed with login (use test credentials if required).\n        await page.goto(\"http://localhost:3000/admin/login\", wait_until=\"commit\", timeout=10000)\n        \n        # --> Assertions to verify final state\n        frame = context.pages[-1]\n        try:\n            await expect(frame.locator('text=Doctor Successfully Added!').first).to_be_visible(timeout=3000)\n        except AssertionError:\n            raise AssertionError(\"Test case failed: The test attempted to verify that a new doctor profile was created and a 'Doctor Successfully Added!' confirmation would appear in the admin UI, but the confirmation or the new doctor entry did not appear — creation or navigation to the doctors list likely failed.\")\n        await asyncio.sleep(5)\n\n    finally:\n        if context:\n            await context.close()\n        if browser:\n            await browser.close()\n        if pw:\n            await pw.stop()\n\nasyncio.run(run_test())\n    ",
    "testStatus": "FAILED",
    "testError": "Final report — admin CRUD tests could not be completed (success: false).\n\nSummary of actions performed:\n- Attempted navigations: 4 (/, /admin, /admin/doctors, /admin/login). Current tab: A444 -> http://localhost:3000/admin/login.\n- DOM inspections executed 4 times; 2 returned diagnostic data, 2 timed out.\n- Page state: admin pages returned either 404, blank page, or Next.js server error pages. Currently the admin/login page is blank with 0 interactive elements.\n- Admin CRUD operations attempted: none (0/8). Planned doctor CRUD steps remain untested: create, read, update, toggle active status, delete (8 assertions/steps outstanding).\n\nBlocking diagnostic finding (root cause):\n- Server-side Next.js ModuleBuildError found in the server render/build output. File implicated: D:\\DENTAL\\frontend\\src\\app\\admin\\appointments\\page.tsx. Error message reported by diagnostics: \"ModuleBuildError: Unexpected token `div`. Expected jsx identifier\" (approx. lines 127-131). This syntax/build error prevents the Next.js app from compiling and the admin SPA from rendering, therefore no admin UI or interactive elements are available for automated CRUD testing.\n\nAdditional notes:\n- Attempts to report the build error earlier failed due to an internal agent error: 'str' object has no attribute 'is_done' (these reporting attempts did not succeed). The diagnostic output containing the error location and message was captured and is included above.\n- No further UI actions can be performed until the server/build error is fixed and the admin pages render with interactive elements.\n\nRecommended next steps for developers (to unblock testing):\n1) Inspect and fix the syntax error in D:\\DENTAL\\frontend\\src\\app\\admin\\appointments\\page.tsx around the reported lines (~127-131). The error message indicates an unexpected token `div` and an invalid JSX/TSX structure.\n2) Rebuild/restart the Next.js app and verify that http://localhost:3000/admin and http://localhost:3000/admin/doctors load without server build errors and present expected login/administration UI.\n3) Once admin UI renders, re-run the CRUD test sequence: navigate to /admin/doctors, create a doctor profile, verify appearance in list, edit and verify changes, toggle active status and verify, delete and confirm removal. Track and report pass/fail for each step.\n\nAgent termination:\n- Per user instruction: agent terminated after repeated failures. The automated admin CRUD test could not be completed because the admin UI is blocked by the build error. Reporting attempts encountered an internal agent error; that should be addressed if automated reporting is required.\n\nStatus: success = false (task not completed).",
    "testType": "FRONTEND",
    "createFrom": "mcp",
    "testVisualization": "https://testsprite-videos.s3.us-east-1.amazonaws.com/5418b438-d091-7099-5fe3-a3a451f5e8cc/1770033432998158//tmp/test_task/result.webm",
    "created": "2026-02-02T11:49:10.961Z",
    "modified": "2026-02-02T11:57:13.105Z"
  },
  {
    "projectId": "d83e8fba-8393-4331-95cc-3166df837806",
    "testId": "9ceb3751-a771-4147-9815-f909eddb769f",
    "userId": "5418b438-d091-7099-5fe3-a3a451f5e8cc",
    "title": "TC009-Appointments management filters and status updates work correctly",
    "description": "Verify admin can view appointments, filter by date/status/doctor, update statuses including marking completion.",
    "code": "import asyncio\nfrom playwright import async_api\n\nasync def run_test():\n    pw = None\n    browser = None\n    context = None\n\n    try:\n        # Start a Playwright session in asynchronous mode\n        pw = await async_api.async_playwright().start()\n\n        # Launch a Chromium browser in headless mode with custom arguments\n        browser = await pw.chromium.launch(\n            headless=True,\n            args=[\n                \"--window-size=1280,720\",         # Set the browser window size\n                \"--disable-dev-shm-usage\",        # Avoid using /dev/shm which can cause issues in containers\n                \"--ipc=host\",                     # Use host-level IPC for better stability\n                \"--single-process\"                # Run the browser in a single process mode\n            ],\n        )\n\n        # Create a new browser context (like an incognito window)\n        context = await browser.new_context()\n        context.set_default_timeout(5000)\n\n        # Open a new page in the browser context\n        page = await context.new_page()\n\n        # Navigate to your target URL and wait until the network request is committed\n        await page.goto(\"http://localhost:3000/admin\", wait_until=\"commit\", timeout=10000)\n\n        # Wait for the main page to reach DOMContentLoaded state (optional for stability)\n        try:\n            await page.wait_for_load_state(\"domcontentloaded\", timeout=3000)\n        except async_api.Error:\n            pass\n\n        # Iterate through all iframes and wait for them to load as well\n        for frame in page.frames:\n            try:\n                await frame.wait_for_load_state(\"domcontentloaded\", timeout=3000)\n            except async_api.Error:\n                pass\n\n        # Interact with the page elements to simulate user flow\n        # -> Navigate to http://localhost:3000/admin\n        await page.goto(\"http://localhost:3000/admin\", wait_until=\"commit\", timeout=10000)\n        \n        # -> Navigate directly to http://localhost:3000/admin/appointments because current page has no navigation links and returned 404.\n        await page.goto(\"http://localhost:3000/admin/appointments\", wait_until=\"commit\", timeout=10000)\n        \n        # -> Wait briefly to allow the SPA to load, then refresh/reload the appointments page to attempt to load interactive elements.\n        await page.goto(\"http://localhost:3000/admin/appointments\", wait_until=\"commit\", timeout=10000)\n        \n        await asyncio.sleep(5)\n\n    finally:\n        if context:\n            await context.close()\n        if browser:\n            await browser.close()\n        if pw:\n            await pw.stop()\n\nasyncio.run(run_test())\n    ",
    "testStatus": "FAILED",
    "testError": "Summary of test attempt to verify admin appointments UI and CRUD operations:\n\nWhat was attempted:\n- Attempted to open the admin area and run the requested tests: navigate to /admin/appointments, apply filters by date range/doctor/status, confirm filtered results, update appointment statuses (confirmed, cancelled, completed), and verify persistence.\n\nWhat was observed/found:\n1) Navigation results:\n   - GET /admin -> returned 404 (page not found). Navigation attempted once.\n   - GET /admin/appointments -> page loaded but rendered as a Next.js error page (HTTP 500). Navigation attempted twice (initial + reload).\n\n2) Server-side error details (diagnostics):\n   - readyState: complete\n   - bodyChildCount: 3\n   - bodyTextSnippet: {\"props\":{\"pageProps\":{\"statusCode\":500}},\"page\":\"/_error\",\"query\":{},\"buildId\":\"development\",\"isFallback\":false,\"err\":{\"name\":\"ModuleBuildError\",\"source\":\"server\",\"message\":\"Module build failed (from\"\n   - Scripts referenced: multiple /_next/static/chunks/* assets (polyfills.js, fallback/webpack.js, fallback/main.js, fallback/pages/_app.js, fallback/pages/_error.js, fallback/react-refresh.js) plus inline scripts\n   - hasRootId: false (no SPA root element found, e.g., id=\"root\" or id=\"app\")\n   - location: http://localhost:3000/admin/appointments\n   - Interpretation: The admin SPA did not initialize because the server-side build failed (ModuleBuildError), causing Next.js to render the error page instead of the admin UI.\n\n3) Attempts to escalate/report the issue:\n   - Multiple attempts to report the server issue programmatically failed with an internal error: 'str' object has no attribute \"is_done\" (3 attempts). Reporting did not succeed.\n\nWhich user-requested test steps completed and which remain:\n- Step: Navigate to /admin/appointments = reached but page is an error (counts as navigation completed but not usable): 1/1.\n- Step: Apply filters by date range, doctor, and status = NOT COMPLETED: 0/1.\n- Step: Confirm filtered list matches criteria = NOT COMPLETED: 0/1.\n- Step: Select an appointment and update status to confirmed/cancelled/completed = NOT COMPLETED: 0/3.\n- Step: Verify status updates are saved and displayed correctly = NOT COMPLETED: 0/1.\n\nReasons the rest of the tests could not be executed:\n- No interactive elements were present because the SPA did not render due to a server-side Next.js ModuleBuildError (500). Without the admin UI rendered, filters, lists, and controls are unavailable.\n- Attempts to report the issue failed due to internal tool error, so automated escalation did not complete.\n\nRecommended developer actions to restore testability:\n1) Inspect and fix the server-side build error (ModuleBuildError) reported by Next.js. Check server logs and module compilation errors (the error message indicates a module build failure during server rendering).\n2) Rebuild and restart the Next.js application (npm/yarn build and restart the server) in development/production as appropriate.\n3) Confirm that /admin and /admin/appointments render the admin SPA (look for the SPA root element, e.g., <div id=\"__next\"> or app root), and that the page contains interactive elements (filters, lists, buttons).\n4) After the server is fixed, re-run the following test steps:\n   - Navigate to /admin/appointments.\n   - Apply date range, doctor, and status filters and verify filtered results match criteria.\n   - Select an appointment and update its status to confirmed, cancelled, and completed (three separate updates) and verify each change persists.\n   - Repeat CRUD tests for other admin modules (Doctors, Services, Testimonials, Blog, Enquiries, Users, Gallery, Media, Pages) as requested.\n\nFinal status for this agent run: NOT COMPLETE. The admin UI tests could not be executed due to a server-side build error (Next.js 500 ModuleBuildError). All subsequent interaction and verification steps remain pending.\n\nDetailed diagnostics (copy/paste for developers):\n- readyState: \"complete\"\n- bodyChildCount: 3\n- bodyTextSnippet: \"{\\\"props\\\":{\\\"pageProps\\\":{\\\"statusCode\\\":500}},\\\"page\\\":\\\"/_error\\\",\\\"query\\\":{},\\\"buildId\\\":\\\"development\\\",\\\"isFallback\\\":false,\\\"err\\\":{\\\"name\\\":\\\"ModuleBuildError\\\",\\\"source\\\":\\\"server\\\",\\\"message\\\":\\\"Module build failed (from\\\"\"\n- scripts: [polyfills.js, fallback/webpack.js, fallback/main.js, fallback/pages/_app.js, fallback/pages/_error.js, fallback/react-refresh.js, inline]\n- hasRootId: false\n- location: \"http://localhost:3000/admin/appointments\"\n\nIf further assistance is needed after the server is fixed, re-run the tests with the same checklist and provide any updated error output if problems persist.",
    "testType": "FRONTEND",
    "createFrom": "mcp",
    "testVisualization": "https://testsprite-videos.s3.us-east-1.amazonaws.com/5418b438-d091-7099-5fe3-a3a451f5e8cc/1770033254674068//tmp/test_task/result.webm",
    "created": "2026-02-02T11:49:10.967Z",
    "modified": "2026-02-02T11:54:14.800Z"
  },
  {
    "projectId": "d83e8fba-8393-4331-95cc-3166df837806",
    "testId": "4049fb35-7fe5-4c84-83a0-0bc0e29f5167",
    "userId": "5418b438-d091-7099-5fe3-a3a451f5e8cc",
    "title": "TC010-Services management add and edit with validation",
    "description": "Ensure services can be added and edited with required fields like name, pricing, duration, and visibility with validations.",
    "code": "import asyncio\nfrom playwright import async_api\n\nasync def run_test():\n    pw = None\n    browser = None\n    context = None\n\n    try:\n        # Start a Playwright session in asynchronous mode\n        pw = await async_api.async_playwright().start()\n\n        # Launch a Chromium browser in headless mode with custom arguments\n        browser = await pw.chromium.launch(\n            headless=True,\n            args=[\n                \"--window-size=1280,720\",         # Set the browser window size\n                \"--disable-dev-shm-usage\",        # Avoid using /dev/shm which can cause issues in containers\n                \"--ipc=host\",                     # Use host-level IPC for better stability\n                \"--single-process\"                # Run the browser in a single process mode\n            ],\n        )\n\n        # Create a new browser context (like an incognito window)\n        context = await browser.new_context()\n        context.set_default_timeout(5000)\n\n        # Open a new page in the browser context\n        page = await context.new_page()\n\n        # Navigate to your target URL and wait until the network request is committed\n        await page.goto(\"http://localhost:3000/admin\", wait_until=\"commit\", timeout=10000)\n\n        # Wait for the main page to reach DOMContentLoaded state (optional for stability)\n        try:\n            await page.wait_for_load_state(\"domcontentloaded\", timeout=3000)\n        except async_api.Error:\n            pass\n\n        # Iterate through all iframes and wait for them to load as well\n        for frame in page.frames:\n            try:\n                await frame.wait_for_load_state(\"domcontentloaded\", timeout=3000)\n            except async_api.Error:\n                pass\n\n        # Interact with the page elements to simulate user flow\n        # -> Navigate to http://localhost:3000/admin\n        await page.goto(\"http://localhost:3000/admin\", wait_until=\"commit\", timeout=10000)\n        \n        # -> Navigate to http://localhost:3000/admin/services to access the Services admin page.\n        await page.goto(\"http://localhost:3000/admin/services\", wait_until=\"commit\", timeout=10000)\n        \n        await asyncio.sleep(5)\n\n    finally:\n        if context:\n            await context.close()\n        if browser:\n            await browser.close()\n        if pw:\n            await pw.stop()\n\nasyncio.run(run_test())\n    ",
    "testStatus": "FAILED",
    "testError": "Automated tests cannot proceed because the admin frontend failed to build and the admin pages are not available. Observed error (extracted from __NEXT_DATA__ / server build):\n\nModuleBuildError: Module build failed (next-swc-loader)\nError: Unexpected token `div`. Expected jsx identifier\n  File: D:\\DENTAL\\frontend\\src\\app\\admin\\appointments\\page.tsx\n  Context: around line 127-132 (return (<div className=\"space-y-6\"> ... ) )\n\nServer responded with statusCode 500 and the Next.js error page was returned. Consequence: no interactive elements are present on /admin/services, so create/edit/validation tests for Services cannot be run.\n\nRecommended next steps for the development/ops team (objective, actionable):\n- Open the file D:\\DENTAL\\frontend\\src\\app\\admin\\appointments\\page.tsx and inspect lines near 127-132 for malformed JSX or stray characters. The compiler reports an unexpected token '<div>' — common causes: missing return parentheses, unclosed bracket/brace, leftover template/JSX fragments, or incorrect file extension. Ensure the component returns valid JSX and file extension is .tsx.\n- Fix the syntax error (example checks: mismatched braces, stray characters before return, ensure the component is a valid React component with proper export).\n- Restart the Next.js development server (e.g., npm run dev or pnpm dev) and watch the server terminal for a clean build. Address any additional errors printed by the server.\n- After server rebuild succeeds, reload http://localhost:3000/admin/services in the browser. Confirm the admin UI loads and interactive elements (buttons/inputs) appear.\n- If frontend still fails but backend API is required to be tested separately, verify backend endpoints directly (e.g., GET http://localhost:3000/api/services) from the server or with curl/Postman to confirm API availability while frontend is being fixed.\n\nWhen the build error is resolved and /admin/services is accessible, re-run the automated test plan. Proposed immediate automated test sequence upon successful build:\n1) Navigate to /admin/services\n2) Click 'Create service' (or equivalent) and fill required fields: name, pricing, duration, visibility\n3) Save and verify listing shows new service\n4) Edit the created service and change pricing and visibility; save\n5) Verify changes are reflected in list\n6) Attempt to create a service with missing required fields and assert validation errors block submission\n\nCurrent result: success=false because frontend build error blocks further testing. Provide server log/error fix and request re-run of tests after fix.",
    "testType": "FRONTEND",
    "createFrom": "mcp",
    "testVisualization": "https://testsprite-videos.s3.us-east-1.amazonaws.com/5418b438-d091-7099-5fe3-a3a451f5e8cc/1770033300487931//tmp/test_task/result.webm",
    "created": "2026-02-02T11:49:10.972Z",
    "modified": "2026-02-02T11:55:00.611Z"
  },
  {
    "projectId": "d83e8fba-8393-4331-95cc-3166df837806",
    "testId": "a2513a60-39cb-4ab2-900a-6b03caa378cb",
    "userId": "5418b438-d091-7099-5fe3-a3a451f5e8cc",
    "title": "TC011-Content management updates reflect immediately",
    "description": "Admin updates content such as hero section text, about page, and statistics, and changes appear on the public site.",
    "code": "import asyncio\nfrom playwright import async_api\n\nasync def run_test():\n    pw = None\n    browser = None\n    context = None\n\n    try:\n        # Start a Playwright session in asynchronous mode\n        pw = await async_api.async_playwright().start()\n\n        # Launch a Chromium browser in headless mode with custom arguments\n        browser = await pw.chromium.launch(\n            headless=True,\n            args=[\n                \"--window-size=1280,720\",         # Set the browser window size\n                \"--disable-dev-shm-usage\",        # Avoid using /dev/shm which can cause issues in containers\n                \"--ipc=host\",                     # Use host-level IPC for better stability\n                \"--single-process\"                # Run the browser in a single process mode\n            ],\n        )\n\n        # Create a new browser context (like an incognito window)\n        context = await browser.new_context()\n        context.set_default_timeout(5000)\n\n        # Open a new page in the browser context\n        page = await context.new_page()\n\n        # Navigate to your target URL and wait until the network request is committed\n        await page.goto(\"http://localhost:3000/admin\", wait_until=\"commit\", timeout=10000)\n\n        # Wait for the main page to reach DOMContentLoaded state (optional for stability)\n        try:\n            await page.wait_for_load_state(\"domcontentloaded\", timeout=3000)\n        except async_api.Error:\n            pass\n\n        # Iterate through all iframes and wait for them to load as well\n        for frame in page.frames:\n            try:\n                await frame.wait_for_load_state(\"domcontentloaded\", timeout=3000)\n            except async_api.Error:\n                pass\n\n        # Interact with the page elements to simulate user flow\n        # -> Navigate to http://localhost:3000/admin\n        await page.goto(\"http://localhost:3000/admin\", wait_until=\"commit\", timeout=10000)\n        \n        # -> Navigate directly to /admin/content/pages (no clickable navigation elements found on current page; use direct URL navigation as last resort).\n        await page.goto(\"http://localhost:3000/admin/content/pages\", wait_until=\"commit\", timeout=10000)\n        \n        await asyncio.sleep(5)\n\n    finally:\n        if context:\n            await context.close()\n        if browser:\n            await browser.close()\n        if pw:\n            await pw.stop()\n\nasyncio.run(run_test())\n    ",
    "testStatus": "FAILED",
    "testError": "Cannot proceed with admin edits: the admin SPA is not functional due to a server-side build error. Summary of findings:\n\n- What failed: Admin UI at /admin/content/pages returned a Next.js server error (ModuleBuildError). This prevents any interactive admin actions (create/read/update/delete) from being performed.\n\n- Exact error excerpt (from server error JSON):\n  ModuleBuildError: Module build failed (from ../node_modules/next/dist/build/webpack/loaders/next-swc-loader.js):\n  Error: \n    x Unexpected token `div`. Expected jsx identifier\n       ,-[D:\\\\DENTAL\\\\frontend\\\\src\\\\app\\\\admin\\\\appointments\\\\page.tsx:127:1]\n   127 |   };\n   128 | \n   129 |   return (\n   130 |     <div className=\\\"space-y-6\\\">   <-- unexpected token reported here (line ~130)\n   131 |       {/* Header */}\n\n- File implicated: D:\\\\DENTAL\\\\frontend\\\\src\\\\app\\\\admin\\\\appointments\\\\page.tsx (around lines 127-131).\n\n- Scripts loaded on the page (for debugging):\n  http://localhost:3000/_next/static/chunks/polyfills.js\n  http://localhost:3000/_next/static/chunks/fallback/webpack.js\n  http://localhost:3000/_next/static/chunks/fallback/main.js\n  http://localhost:3000/_next/static/chunks/fallback/pages/_app.js\n  http://localhost:3000/_next/static/chunks/fallback/pages/_error.js\n  http://localhost:3000/_next/static/chunks/fallback/react-refresh.js\n\nRecommended developer actions to restore admin UI (so content edits can continue):\n1) Open the indicated file and inspect the component around the reported lines (D:\\\\DENTAL\\\\frontend\\\\src\\\\app\\\\admin\\\\appointments\\\\page.tsx, ~line 127-131). Look for mismatched braces, an extra/missing parenthesis, or stray JSX placed outside of a proper return or component function. The error 'Unexpected token `div`. Expected jsx identifier' typically means malformed JSX syntax before this token (e.g., missing parentheses around JSX, unclosed block, or comment/JSX mixup).\n\n2) Common fixes to check:\n   - Ensure the component function is declared correctly and that the return statement uses parentheses: return (<div>...</div>);\n   - Ensure there are no stray '};' or stray JSX outside of any function scope above the return.\n   - If using TypeScript/TSX, confirm the file extension is .tsx and not .ts and that JSX is allowed in tsconfig.\n   - Check for unclosed JSX tags or misplaced comments inside JSX that could break parsing.\n\n3) Run the local dev build to get full compiler output: npm run dev (or yarn dev). Observe the terminal build logs for exact compile errors and stack traces. Fix errors and save files until the build succeeds.\n\n4) After code fix and successful build, reload the admin page. Then proceed with the originally planned steps:\n   - Navigate to /admin/content/pages\n   - Edit hero section text and save changes\n   - Verify admin success message and then visit the public homepage to confirm the change\n\nIf assistance is desired with the code fix, provide the contents of the implicated file (D:\\\\DENTAL\\\\frontend\\\\src\\\\app\\\\admin\\\\appointments\\\\page.tsx) and the surrounding lines (about 20 lines above and below the reported error). The automation cannot continue until the build error is resolved.\n\nStatus: Task not completed due to server build error preventing admin UI interaction. Next action: wait for code fix and rebuild. ",
    "testType": "FRONTEND",
    "createFrom": "mcp",
    "testVisualization": "https://testsprite-videos.s3.us-east-1.amazonaws.com/5418b438-d091-7099-5fe3-a3a451f5e8cc/1770033168474769//tmp/test_task/result.webm",
    "created": "2026-02-02T11:49:10.977Z",
    "modified": "2026-02-02T11:52:48.586Z"
  },
  {
    "projectId": "d83e8fba-8393-4331-95cc-3166df837806",
    "testId": "de241d92-9a80-40f3-ae5d-dc340a9e735c",
    "userId": "5418b438-d091-7099-5fe3-a3a451f5e8cc",
    "title": "TC012-Blog management create, edit, publish and unpublish posts",
    "description": "Verify admin can perform CRUD operations on blog posts and toggle publishing status accurately.",
    "code": "import asyncio\nfrom playwright import async_api\n\nasync def run_test():\n    pw = None\n    browser = None\n    context = None\n\n    try:\n        # Start a Playwright session in asynchronous mode\n        pw = await async_api.async_playwright().start()\n\n        # Launch a Chromium browser in headless mode with custom arguments\n        browser = await pw.chromium.launch(\n            headless=True,\n            args=[\n                \"--window-size=1280,720\",         # Set the browser window size\n                \"--disable-dev-shm-usage\",        # Avoid using /dev/shm which can cause issues in containers\n                \"--ipc=host\",                     # Use host-level IPC for better stability\n                \"--single-process\"                # Run the browser in a single process mode\n            ],\n        )\n\n        # Create a new browser context (like an incognito window)\n        context = await browser.new_context()\n        context.set_default_timeout(5000)\n\n        # Open a new page in the browser context\n        page = await context.new_page()\n\n        # Navigate to your target URL and wait until the network request is committed\n        await page.goto(\"http://localhost:3000/admin\", wait_until=\"commit\", timeout=10000)\n\n        # Wait for the main page to reach DOMContentLoaded state (optional for stability)\n        try:\n            await page.wait_for_load_state(\"domcontentloaded\", timeout=3000)\n        except async_api.Error:\n            pass\n\n        # Iterate through all iframes and wait for them to load as well\n        for frame in page.frames:\n            try:\n                await frame.wait_for_load_state(\"domcontentloaded\", timeout=3000)\n            except async_api.Error:\n                pass\n\n        # Interact with the page elements to simulate user flow\n        # -> Navigate to http://localhost:3000/admin\n        await page.goto(\"http://localhost:3000/admin\", wait_until=\"commit\", timeout=10000)\n        \n        # -> Navigate to http://localhost:3000/admin/blog\n        await page.goto(\"http://localhost:3000/admin/blog\", wait_until=\"commit\", timeout=10000)\n        \n        # -> Open the public site homepage to find alternative navigation (login/admin link or public blog) since the admin SPA is not rendering; then attempt to reach admin/login or blog pages from there.\n        await page.goto(\"http://localhost:3000\", wait_until=\"commit\", timeout=10000)\n        \n        # -> Navigate to the admin login page (/admin/login). If a login form appears, submit test credentials (example@gmail.com / password123) per authentication handling rules and then proceed to /admin/blog to perform CRUD tests.\n        await page.goto(\"http://localhost:3000/admin/login\", wait_until=\"commit\", timeout=10000)\n        \n        await asyncio.sleep(5)\n\n    finally:\n        if context:\n            await context.close()\n        if browser:\n            await browser.close()\n        if pw:\n            await pw.stop()\n\nasyncio.run(run_test())\n    ",
    "testStatus": "FAILED",
    "testError": "Summary of test attempt and blocking issue:\n- Goal: Verify admin can perform CRUD on blog posts and toggle publish status.\n- Steps taken: navigated to /admin, /admin/blog, /, and /admin/login; waited for SPA to render; ran in-page JS diagnostic to inspect scripts and authentication endpoint.\n- Observations: the admin/login page displays only 'Checking authentication...' (screenshot attached in browser). No interactive elements or login form are present. In-page diagnostic shows Next.js chunks present but __NEXT_DATA__ not found and /api/auth/session returned 404 (sessionStatus=404).\n- Result: Unable to reach admin UI or login form; therefore CRUD operations could not be performed. All blog CRUD steps remain untested (create/publish/visibility/unpublish/edit/verify = 0/1 each).\n- Likely causes to investigate on the server side: the authentication API route (/api/auth/session) returning 404 or not mounted; Next.js app root failing to hydrate (missing or failing __NEXT_DATA__), runtime JS errors preventing the SPA from mounting, static asset routing issues, or environment/auth configuration problems (e.g., auth provider misconfiguration, missing secrets, dev server not running built API routes).\n- Recommended next steps for operator:\n  1. Check server logs and the Next.js stdout/stderr for runtime errors when loading /admin and /admin/login.\n  2. Verify that API routes are available and responding (curl http://localhost:3000/api/auth/session) and that they return expected JSON/session status (200 or suitable session object) rather than 404.\n  3. Confirm the Next.js build/static assets are properly served and that __NEXT_DATA__ is present in the page HTML for client hydration.\n  4. Open the browser console to look for JS runtime errors that stop React hydration; fix any missing imports, environment variable errors, or CORS issues.\n  5. After fixing the above, re-run the test: navigate to /admin/login, submit credentials (example@gmail.com / password123 per test policy) if login form appears, then proceed to /admin/blog and run the CRUD checks.\n- Completion status: Test could not be completed due to site issue. success=false.\nIf the operator wants, next action can be: (A) run a direct GET of /api/auth/session in a new tab to capture the raw response, or (B) attempt to load the public /blog page to check existing posts. Request an instruction which next action to take after site fixes are applied.",
    "testType": "FRONTEND",
    "createFrom": "mcp",
    "testVisualization": "https://testsprite-videos.s3.us-east-1.amazonaws.com/5418b438-d091-7099-5fe3-a3a451f5e8cc/1770033274671022//tmp/test_task/result.webm",
    "created": "2026-02-02T11:49:10.982Z",
    "modified": "2026-02-02T11:54:34.779Z"
  },
  {
    "projectId": "d83e8fba-8393-4331-95cc-3166df837806",
    "testId": "329db1fe-2b77-42e1-9e67-37fcde4987a4",
    "userId": "5418b438-d091-7099-5fe3-a3a451f5e8cc",
    "title": "TC013-Gallery management handles media categorization and visibility",
    "description": "Confirm admin can upload media, assign categories, toggle visibility, and delete gallery items properly.",
    "code": "import asyncio\nfrom playwright import async_api\n\nasync def run_test():\n    pw = None\n    browser = None\n    context = None\n\n    try:\n        # Start a Playwright session in asynchronous mode\n        pw = await async_api.async_playwright().start()\n\n        # Launch a Chromium browser in headless mode with custom arguments\n        browser = await pw.chromium.launch(\n            headless=True,\n            args=[\n                \"--window-size=1280,720\",         # Set the browser window size\n                \"--disable-dev-shm-usage\",        # Avoid using /dev/shm which can cause issues in containers\n                \"--ipc=host\",                     # Use host-level IPC for better stability\n                \"--single-process\"                # Run the browser in a single process mode\n            ],\n        )\n\n        # Create a new browser context (like an incognito window)\n        context = await browser.new_context()\n        context.set_default_timeout(5000)\n\n        # Open a new page in the browser context\n        page = await context.new_page()\n\n        # Navigate to your target URL and wait until the network request is committed\n        await page.goto(\"http://localhost:3000/admin\", wait_until=\"commit\", timeout=10000)\n\n        # Wait for the main page to reach DOMContentLoaded state (optional for stability)\n        try:\n            await page.wait_for_load_state(\"domcontentloaded\", timeout=3000)\n        except async_api.Error:\n            pass\n\n        # Iterate through all iframes and wait for them to load as well\n        for frame in page.frames:\n            try:\n                await frame.wait_for_load_state(\"domcontentloaded\", timeout=3000)\n            except async_api.Error:\n                pass\n\n        # Interact with the page elements to simulate user flow\n        # -> Navigate to http://localhost:3000/admin\n        await page.goto(\"http://localhost:3000/admin\", wait_until=\"commit\", timeout=10000)\n        \n        # -> Navigate to http://localhost:3000/admin/gallery (use direct URL because no navigation links are present on the current 404 page).\n        await page.goto(\"http://localhost:3000/admin/gallery\", wait_until=\"commit\", timeout=10000)\n        \n        # -> Navigate to admin login page (/admin/login) to find authentication form or error details so admin UI can be accessed. If login not present, will try /login next.\n        await page.goto(\"http://localhost:3000/admin/login\", wait_until=\"commit\", timeout=10000)\n        \n        await asyncio.sleep(5)\n\n    finally:\n        if context:\n            await context.close()\n        if browser:\n            await browser.close()\n        if pw:\n            await pw.stop()\n\nasyncio.run(run_test())\n    ",
    "testStatus": "FAILED",
    "testError": "Summary of test attempt and blocking findings:\n- Goal: Confirm admin can upload media, assign categories, toggle visibility, and delete gallery items.\n- Result: FAILED — admin UI not accessible; CRUD tests not executed.\nWhat was attempted:\n- Visited /admin (1 time) — received a 404 page.\n- Visited /admin/gallery (1 time) — page rendered blank root (no app content).\n- Ran in-page JS to remove Next.js FOUC and inspect root — __next found but rootInnerLength was 0 (no UI rendered).\n- Visited /admin/login (1 time) — page displays only 'Checking authentication...' and shows no interactive elements.\n- Executed further in-page checks and API probes; the following admin/auth related API endpoints returned 404: /api/auth/session, /api/admin/session, /api/session, /api/auth/me, /api/user.\nWhy testing cannot proceed (objective findings):\n- No login form or admin UI could be reached from the application; SPA root contains no app markup to interact with.\n- Authentication check appears to block rendering and API endpoints required for session/auth are returning 404, indicating backend routes may not be available or the backend is not running/connected.\n- Without a rendered admin UI or functioning auth APIs, upload, category selection, visibility toggles, and delete actions cannot be exercised or verified.\nNext recommended steps to unblock testing:\n1) Ensure backend server (API) is running and exposing the expected admin/auth endpoints (verify /api/admin/session, /api/auth/session, /api/auth/me, /api/user return valid responses).\n2) Check server logs for 404s and for why Next.js error page or authentication check is shown; resolve missing API routes or mounting issues.\n3) If authentication is required, ensure an admin user exists and the auth provider is configured; provide test credentials or a working auth session so the admin UI loads.\n4) After backend/routes are available and admin UI loads, re-run the test steps in order: navigate to /admin/gallery, upload a media item with a category, verify it appears, toggle visibility and verify persistence, then delete and confirm removal.\nCurrent status and counts:\n- Gallery CRUD steps completed: 0/7.\n- Navigations performed: 3 total (/admin, /admin/gallery, /admin/login).\n- DOM/JS inspections performed: 3.\n- API endpoints probed and returned 404: 5.\nConclusion: Environment is not ready for the requested admin CRUD verification. Testing must wait until the backend/auth routes and admin UI are reachable. Provide access to a working admin UI or fix backend endpoints and retry the test.\n",
    "testType": "FRONTEND",
    "createFrom": "mcp",
    "testVisualization": "https://testsprite-videos.s3.us-east-1.amazonaws.com/5418b438-d091-7099-5fe3-a3a451f5e8cc/1770033282754806//tmp/test_task/result.webm",
    "created": "2026-02-02T11:49:10.987Z",
    "modified": "2026-02-02T11:54:42.870Z"
  },
  {
    "projectId": "d83e8fba-8393-4331-95cc-3166df837806",
    "testId": "ecaa3963-7c96-4ffc-bb5c-84cc5f265e24",
    "userId": "5418b438-d091-7099-5fe3-a3a451f5e8cc",
    "title": "TC014-Testimonials management supports rating and visibility toggling",
    "description": "Verify admin can create, edit, set rating, toggle visibility, and delete testimonials.",
    "code": "import asyncio\nfrom playwright import async_api\n\nasync def run_test():\n    pw = None\n    browser = None\n    context = None\n\n    try:\n        # Start a Playwright session in asynchronous mode\n        pw = await async_api.async_playwright().start()\n\n        # Launch a Chromium browser in headless mode with custom arguments\n        browser = await pw.chromium.launch(\n            headless=True,\n            args=[\n                \"--window-size=1280,720\",         # Set the browser window size\n                \"--disable-dev-shm-usage\",        # Avoid using /dev/shm which can cause issues in containers\n                \"--ipc=host\",                     # Use host-level IPC for better stability\n                \"--single-process\"                # Run the browser in a single process mode\n            ],\n        )\n\n        # Create a new browser context (like an incognito window)\n        context = await browser.new_context()\n        context.set_default_timeout(5000)\n\n        # Open a new page in the browser context\n        page = await context.new_page()\n\n        # Navigate to your target URL and wait until the network request is committed\n        await page.goto(\"http://localhost:3000/admin\", wait_until=\"commit\", timeout=10000)\n\n        # Wait for the main page to reach DOMContentLoaded state (optional for stability)\n        try:\n            await page.wait_for_load_state(\"domcontentloaded\", timeout=3000)\n        except async_api.Error:\n            pass\n\n        # Iterate through all iframes and wait for them to load as well\n        for frame in page.frames:\n            try:\n                await frame.wait_for_load_state(\"domcontentloaded\", timeout=3000)\n            except async_api.Error:\n                pass\n\n        # Interact with the page elements to simulate user flow\n        # -> Navigate to http://localhost:3000/admin\n        await page.goto(\"http://localhost:3000/admin\", wait_until=\"commit\", timeout=10000)\n        \n        # -> Navigate to http://localhost:3000/admin/testimonials to access the testimonials admin page and begin create/edit/toggle/delete tests.\n        await page.goto(\"http://localhost:3000/admin/testimonials\", wait_until=\"commit\", timeout=10000)\n        \n        await asyncio.sleep(5)\n\n    finally:\n        if context:\n            await context.close()\n        if browser:\n            await browser.close()\n        if pw:\n            await pw.stop()\n\nasyncio.run(run_test())\n    ",
    "testStatus": "FAILED",
    "testError": "Test run stopped - admin UI unavailable due to server build error.\n\nSummary of findings and required action:\n- Attempted to access admin interface and run testimonial CRUD tests but admin SPA failed to render.\n- Server-side build error (ModuleBuildError) found in error output. Relevant error excerpt:\n  Error: ModuleBuildError\n  Message: Module build failed (from ../node_modules/next/dist/build/webpack/loaders/next-swc-loader.js):\n    x Unexpected token `div`. Expected jsx identifier\n       ,-[D:\\\\DENTAL\\\\frontend\\\\src\\\\app\\\\admin\\\\appointments\\\\page.tsx:127:1]\n    127 |   };\n    128 | \n    129 |   return (\n    130 |     <div className=\"space-y-6\">\n         :      ^^^\n    131 |       {/* Header */}\n    132 |       <div>\n    132 |         <h1 className=\"text-2xl font-heading font-bold text-neutral-900\">Appointments</h1>\n    `----\n  Caused by: Syntax Error\n\n- Impact: Admin SPA does not load (blank page, 0 interactive elements). All admin CRUD tests (including testimonials create/edit/rate/toggle/delete) cannot be executed until the build error is resolved.\n\nRecommended next steps for engineering:\n1) Fix the JSX/syntax error in D:\\\\DENTAL\\\\frontend\\\\src\\\\app\\\\admin\\\\appointments\\\\page.tsx around the return starting at line ~129. The parser reports an unexpected token at the opening <div> there; check for mismatched braces, missing parentheses, or stray characters before the JSX return.\n2) Rebuild/restart the Next.js application and verify the admin routes load (visit /admin and /admin/testimonials).\n3) Once the admin SPA renders, re-run the testimonial CRUD tests: create a testimonial with rating and feedback, confirm rating display, toggle visibility and verify public listing, and delete the testimonial.\n\nWhat was attempted (for traceability): navigate to /admin (404), then /admin/testimonials (SPA blank), waited 3s, inspected page JS and server error output, captured ModuleBuildError details. No form interactions were possible because the page contains no interactive elements.\n\nTest outcome: NOT COMPLETED. Admin CRUD verification could not be performed. Please fix the server-side build error and re-run the tests. If assistance is needed to re-run the test after the fix, provide access to the admin site and the agent will resume.\n\nFiles to display: none.",
    "testType": "FRONTEND",
    "createFrom": "mcp",
    "testVisualization": "https://testsprite-videos.s3.us-east-1.amazonaws.com/5418b438-d091-7099-5fe3-a3a451f5e8cc/1770033214754348//tmp/test_task/result.webm",
    "created": "2026-02-02T11:49:10.993Z",
    "modified": "2026-02-02T11:53:34.867Z"
  },
  {
    "projectId": "d83e8fba-8393-4331-95cc-3166df837806",
    "testId": "91d3eb52-3d13-461b-9404-23e880ba38b4",
    "userId": "5418b438-d091-7099-5fe3-a3a451f5e8cc",
    "title": "TC015-Enquiries management enables reply and archive actions",
    "description": "Confirm admin can view enquiries, send replies via the admin interface, and archive enquiries properly.",
    "code": "import asyncio\nfrom playwright import async_api\n\nasync def run_test():\n    pw = None\n    browser = None\n    context = None\n\n    try:\n        # Start a Playwright session in asynchronous mode\n        pw = await async_api.async_playwright().start()\n\n        # Launch a Chromium browser in headless mode with custom arguments\n        browser = await pw.chromium.launch(\n            headless=True,\n            args=[\n                \"--window-size=1280,720\",         # Set the browser window size\n                \"--disable-dev-shm-usage\",        # Avoid using /dev/shm which can cause issues in containers\n                \"--ipc=host\",                     # Use host-level IPC for better stability\n                \"--single-process\"                # Run the browser in a single process mode\n            ],\n        )\n\n        # Create a new browser context (like an incognito window)\n        context = await browser.new_context()\n        context.set_default_timeout(5000)\n\n        # Open a new page in the browser context\n        page = await context.new_page()\n\n        # Navigate to your target URL and wait until the network request is committed\n        await page.goto(\"http://localhost:3000/admin\", wait_until=\"commit\", timeout=10000)\n\n        # Wait for the main page to reach DOMContentLoaded state (optional for stability)\n        try:\n            await page.wait_for_load_state(\"domcontentloaded\", timeout=3000)\n        except async_api.Error:\n            pass\n\n        # Iterate through all iframes and wait for them to load as well\n        for frame in page.frames:\n            try:\n                await frame.wait_for_load_state(\"domcontentloaded\", timeout=3000)\n            except async_api.Error:\n                pass\n\n        # Interact with the page elements to simulate user flow\n        # -> Navigate to http://localhost:3000/admin\n        await page.goto(\"http://localhost:3000/admin\", wait_until=\"commit\", timeout=10000)\n        \n        # -> Navigate to /admin/enquiries (direct URL because no interactive elements found on current page).\n        await page.goto(\"http://localhost:3000/admin/enquiries\", wait_until=\"commit\", timeout=10000)\n        \n        # -> Reload the /admin/enquiries page to attempt to recover the SPA rendering. If reload fails, try alternate navigation (e.g., /admin or admin login) or open a new tab to further debug.\n        await page.goto(\"http://localhost:3000/admin/enquiries\", wait_until=\"commit\", timeout=10000)\n        \n        # -> Reload /admin/enquiries with a cache-busting query parameter to force client JS to execute, then re-evaluate the page for interactive elements and any runtime errors.\n        await page.goto(\"http://localhost:3000/admin/enquiries?_r=1\", wait_until=\"commit\", timeout=10000)\n        \n        # -> Open the admin login or alternate admin route in a new tab to see if a different admin UI or login page loads (navigate to /admin/login), then inspect the new tab for interactive elements and any runtime errors.\n        await page.goto(\"http://localhost:3000/admin/login\", wait_until=\"commit\", timeout=10000)\n        \n        # -> Open the public site root in a new tab to check whether the main site and auth flow load correctly (look for links to admin/login or visible auth flows), and gather its DOM/scripts to help debug why the admin SPA stalls at 'Checking authentication...'.\n        await page.goto(\"http://localhost:3000/\", wait_until=\"commit\", timeout=10000)\n        \n        # -> Click the 'Staff Login' link on the public site to navigate to the admin login/auth flow and inspect the resulting page for interactive elements (index 293).\n        frame = context.pages[-1]\n        # Click element\n        elem = frame.locator('xpath=html/body/div[2]/div/div[2]/a').nth(0)\n        await page.wait_for_timeout(3000); await elem.click(timeout=5000)\n        \n        # -> Open the enquiries API endpoint to check server response (data vs 401/redirect) and determine whether the backend is reachable and requires authentication.\n        await page.goto(\"http://localhost:3000/api/enquiries\", wait_until=\"commit\", timeout=10000)\n        \n        # -> Click the 'Staff Login' link on the current page to load the admin login/auth flow in this tab so a fresh in-page evaluation (console/errors, __NEXT_DATA__, cookies/localStorage) can be run to diagnose the stalled 'Checking authentication...' state.\n        frame = context.pages[-1]\n        # Click element\n        elem = frame.locator('xpath=html/body/div[2]/div/div[2]/a').nth(0)\n        await page.wait_for_timeout(3000); await elem.click(timeout=5000)\n        \n        # -> Open the authentication session API to inspect its response (status, body) to determine why the admin login is stuck on 'Checking authentication...' and whether authentication endpoints are reachable.\n        await page.goto(\"http://localhost:3000/api/auth/session\", wait_until=\"commit\", timeout=10000)\n        \n        await asyncio.sleep(5)\n\n    finally:\n        if context:\n            await context.close()\n        if browser:\n            await browser.close()\n        if pw:\n            await pw.stop()\n\nasyncio.run(run_test())\n    ",
    "testStatus": "FAILED",
    "testError": "Result: Unable to confirm admin can view enquiries, send replies, or archive enquiries because the admin SPA and/or backend API are not accessible in this test environment.\n\nWhat was tested and observed:\n- Navigations to admin pages (/admin, /admin/enquiries, /admin/login) all load Next.js client chunks but the SPA root remains empty; pages show only 'Loading...' or 'Checking authentication...'.\n- In-page diagnostics (3 JS evaluations) show document.cookie is empty and localStorage/sessionStorage are empty; no client auth state detected.\n- /api/enquiries returned a public 404 HTML page when fetched in-browser.\n- No interactive admin UI elements were available to select an enquiry, send a reply, or archive.\n\nConclusion:\n- The admin UI cannot be reached from the current session due to either a client-side runtime/hydration failure or missing authentication/session. Without the admin UI rendering and API endpoints responding with expected JSON, the requested admin verification cannot be completed.\n\nRecommended next steps to enable the test:\n1) Provide server-side logs (browser console or server terminal) for the admin pages to reveal runtime/hydration errors. Look specifically for client-side JS errors during hydration.\n2) Provide a test staff account (username/email and password) or a valid session cookie so the authentication check can pass and the admin SPA can load.\n3) Verify that backend API routes (e.g., /api/enquiries and /api/auth/session) are reachable and not returning 404/HTML for authenticated requests. If APIs are protected, ensure proper auth headers/cookies are supplied to the test agent.\n4) If running in a development environment, run the Next.js app in dev mode and reproduce the admin page to capture React/Next runtime errors and stack traces.\n\nIf one of the above is provided (server logs showing runtime error, a test account or session cookie, or backend fix so /api/enquiries returns expected JSON), re-run the test steps to: (1) load /admin/enquiries, (2) select an enquiry and reply, (3) verify reply is sent, (4) archive the enquiry, and (5) confirm it moves to archive.\n\nCurrent status: TEST NOT COMPLETED. Environment blocking the admin UI render. Provide log/access/credentials or fix the client/API so tests can continue.\n",
    "testType": "FRONTEND",
    "createFrom": "mcp",
    "testVisualization": "https://testsprite-videos.s3.us-east-1.amazonaws.com/5418b438-d091-7099-5fe3-a3a451f5e8cc/1770033553772671//tmp/test_task/result.webm",
    "created": "2026-02-02T11:49:10.998Z",
    "modified": "2026-02-02T11:59:13.963Z"
  },
  {
    "projectId": "d83e8fba-8393-4331-95cc-3166df837806",
    "testId": "69fa340f-b7bc-414f-ba07-af867640c808",
    "userId": "5418b438-d091-7099-5fe3-a3a451f5e8cc",
    "title": "TC016-Admin users management supports role assignment and password reset",
    "description": "Ensure admin can create users with roles, edit roles, and perform password resets.",
    "code": "import asyncio\nfrom playwright import async_api\n\nasync def run_test():\n    pw = None\n    browser = None\n    context = None\n\n    try:\n        # Start a Playwright session in asynchronous mode\n        pw = await async_api.async_playwright().start()\n\n        # Launch a Chromium browser in headless mode with custom arguments\n        browser = await pw.chromium.launch(\n            headless=True,\n            args=[\n                \"--window-size=1280,720\",         # Set the browser window size\n                \"--disable-dev-shm-usage\",        # Avoid using /dev/shm which can cause issues in containers\n                \"--ipc=host\",                     # Use host-level IPC for better stability\n                \"--single-process\"                # Run the browser in a single process mode\n            ],\n        )\n\n        # Create a new browser context (like an incognito window)\n        context = await browser.new_context()\n        context.set_default_timeout(5000)\n\n        # Open a new page in the browser context\n        page = await context.new_page()\n\n        # Navigate to your target URL and wait until the network request is committed\n        await page.goto(\"http://localhost:3000/admin\", wait_until=\"commit\", timeout=10000)\n\n        # Wait for the main page to reach DOMContentLoaded state (optional for stability)\n        try:\n            await page.wait_for_load_state(\"domcontentloaded\", timeout=3000)\n        except async_api.Error:\n            pass\n\n        # Iterate through all iframes and wait for them to load as well\n        for frame in page.frames:\n            try:\n                await frame.wait_for_load_state(\"domcontentloaded\", timeout=3000)\n            except async_api.Error:\n                pass\n\n        # Interact with the page elements to simulate user flow\n        # -> Navigate to http://localhost:3000/admin\n        await page.goto(\"http://localhost:3000/admin\", wait_until=\"commit\", timeout=10000)\n        \n        # -> Navigate to /admin/users. Use direct URL because no clickable navigation elements detected on the current page.\n        await page.goto(\"http://localhost:3000/admin/users\", wait_until=\"commit\", timeout=10000)\n        \n        # --> Assertions to verify final state\n        frame = context.pages[-1]\n        try:\n            await expect(frame.locator('text=Password reset email sent').first).to_be_visible(timeout=3000)\n        except AssertionError:\n            raise AssertionError(\"Test case failed: The test was verifying that initiating a password reset for the user would display the confirmation message 'Password reset email sent', but that confirmation did not appear — the password reset initiation or its UI feedback likely failed.\")\n        await asyncio.sleep(5)\n\n    finally:\n        if context:\n            await context.close()\n        if browser:\n            await browser.close()\n        if pw:\n            await pw.stop()\n\nasyncio.run(run_test())\n    ",
    "testStatus": "FAILED",
    "testError": "Status: ADMIN UI tests blocked — server build error prevents interaction\n\nWhat was found:\n- Server responded with Next.js error page (statusCode: 500) and __NEXT_DATA__ containing a ModuleBuildError.\n- Error summary (from __NEXT_DATA__):\n  ModuleBuildError: Module build failed (from next-swc-loader):\\nError: \\n  x Unexpected token `div`. Expected jsx identifier\\n     ,-[D:\\\\DENTAL\\\\frontend\\\\src\\\\app\\\\admin\\\\appointments\\\\page.tsx:127:1]\\n 127 |   };\\n 128 | \\n 129 |   return (\\n 130 |     <div className=\\\"space-y-6\\\">\\n     :      ^^^\\n 131 |       {/* Header */}\\n 132 |       <div>\\n 132 |         <h1 className=\\\"text-2xl font-heading font-bold text-neutral-900\\\">Appointments</h1>\\n     `----\\n  Caused by: Syntax Error in the server build step (SWC/JSX parser)\n\nImpact:\n- The admin SPA root <div id=\"__next\"></div> is empty and there are 0 interactive elements on the page. Automated UI actions (create/edit users, password reset) cannot be executed until the build error is resolved.\n\nRecommended next steps for developer / operator (actions to unblock testing):\n1) Open the file: D:\\\\DENTAL\\\\frontend\\\\src\\\\app\\\\admin\\\\appointments\\\\page.tsx and inspect around line ~127. Look for malformed JSX or stray characters before the JSX return. Ensure the file is saved as .tsx and the component returns valid JSX.\n2) Common causes to check: unclosed braces/parentheses, stray characters before JSX, incorrect TypeScript/JSX syntax, missing React/JSX runtime configuration. Confirm tsconfig and next.config allow TSX/JSX parsing.\n3) Re-run the dev server / build (e.g., npm run dev) and watch the terminal logs for the SWC/webpack error to see the exact parse problem. Fix the syntax and restart.\n4) After the server rebuilds successfully and /admin/users renders (interactive elements visible), re-run these test steps in order:\n   - Navigate to /admin/users (already attempted) then add a new admin user with role, verify in list, edit role, confirm persist, initiate password reset, verify confirmation.\n\nConclusion: Automated test cannot proceed now. File and error location provided to expedite fix. Once the build error is resolved and the admin UI loads with interactive elements, resume the remaining 6 admin test steps.\n\nIf further assistance is required after the fix (re-running tests, step-by-step UI automation), reopen and the automation will continue from the next pending step.\n",
    "testType": "FRONTEND",
    "createFrom": "mcp",
    "testVisualization": "https://testsprite-videos.s3.us-east-1.amazonaws.com/5418b438-d091-7099-5fe3-a3a451f5e8cc/1770033182774262//tmp/test_task/result.webm",
    "created": "2026-02-02T11:49:11.003Z",
    "modified": "2026-02-02T11:53:02.879Z"
  },
  {
    "projectId": "d83e8fba-8393-4331-95cc-3166df837806",
    "testId": "ba6d53d8-30a8-4cae-ac73-42c50b8bd9a8",
    "userId": "5418b438-d091-7099-5fe3-a3a451f5e8cc",
    "title": "TC017-Security settings allow password change and two-factor authentication enforcement",
    "description": "Admin can successfully change their password and enable/disable two-factor authentication with proper validation.",
    "code": "import asyncio\nfrom playwright import async_api\n\nasync def run_test():\n    pw = None\n    browser = None\n    context = None\n\n    try:\n        # Start a Playwright session in asynchronous mode\n        pw = await async_api.async_playwright().start()\n\n        # Launch a Chromium browser in headless mode with custom arguments\n        browser = await pw.chromium.launch(\n            headless=True,\n            args=[\n                \"--window-size=1280,720\",         # Set the browser window size\n                \"--disable-dev-shm-usage\",        # Avoid using /dev/shm which can cause issues in containers\n                \"--ipc=host\",                     # Use host-level IPC for better stability\n                \"--single-process\"                # Run the browser in a single process mode\n            ],\n        )\n\n        # Create a new browser context (like an incognito window)\n        context = await browser.new_context()\n        context.set_default_timeout(5000)\n\n        # Open a new page in the browser context\n        page = await context.new_page()\n\n        # Navigate to your target URL and wait until the network request is committed\n        await page.goto(\"http://localhost:3000/admin\", wait_until=\"commit\", timeout=10000)\n\n        # Wait for the main page to reach DOMContentLoaded state (optional for stability)\n        try:\n            await page.wait_for_load_state(\"domcontentloaded\", timeout=3000)\n        except async_api.Error:\n            pass\n\n        # Iterate through all iframes and wait for them to load as well\n        for frame in page.frames:\n            try:\n                await frame.wait_for_load_state(\"domcontentloaded\", timeout=3000)\n            except async_api.Error:\n                pass\n\n        # Interact with the page elements to simulate user flow\n        # -> Navigate to http://localhost:3000/admin\n        await page.goto(\"http://localhost:3000/admin\", wait_until=\"commit\", timeout=10000)\n        \n        # -> Navigate to /admin/settings/security (use direct URL since current page has no navigation elements).\n        await page.goto(\"http://localhost:3000/admin/settings/security\", wait_until=\"commit\", timeout=10000)\n        \n        # -> Navigate to the site root (http://localhost:3000/) to check for a Next.js error page or server response that may contain the build/runtime error details.\n        await page.goto(\"http://localhost:3000/\", wait_until=\"commit\", timeout=10000)\n        \n        # -> Navigate to /admin/settings/security to reach the Security settings page and locate password change and two-factor authentication controls.\n        await page.goto(\"http://localhost:3000/admin/settings/security\", wait_until=\"commit\", timeout=10000)\n        \n        # -> Open the missing client chunk file for the admin security page to inspect the HTTP response and body (to capture server error/404 details).\n        await page.goto(\"http://localhost:3000/_next/static/chunks/app/admin/settings/security/page.js\", wait_until=\"commit\", timeout=10000)\n        \n        # -> Click the 'Staff Login' link (index 441) to attempt to reach the admin/staff login page so the admin flows (change password, enable/disable 2FA) can be attempted from a login entry point.\n        frame = context.pages[-1]\n        # Click element\n        elem = frame.locator('xpath=html/body/div[2]/div/div[2]/a').nth(0)\n        await page.wait_for_timeout(3000); await elem.click(timeout=5000)\n        \n        # -> Open and inspect the main client bundle (/ _next/static/chunks/main-app.js?v=1770033352569) to determine whether it is present or returns an HTML 404/error page. This will confirm if missing bundles are the root cause of the admin SPA failing to initialize.\n        await page.goto(\"http://localhost:3000/_next/static/chunks/main-app.js?v=1770033352569\", wait_until=\"commit\", timeout=10000)\n        \n        # -> Click the 'Staff Login' link (index 798) to navigate to /admin/login so the page DOM and scripts can be inspected for missing bundles or auth checks.\n        frame = context.pages[-1]\n        # Click element\n        elem = frame.locator('xpath=html/body/div[2]/div/div[2]/a').nth(0)\n        await page.wait_for_timeout(3000); await elem.click(timeout=5000)\n        \n        # -> Open another client/runtime chunk (webpack runtime) to confirm whether the server is returning JS or HTML 404 for other _next static assets — this will help confirm that missing bundles are the root cause and collect additional diagnostic evidence.\n        await page.goto(\"http://localhost:3000/_next/static/chunks/webpack.js\", wait_until=\"commit\", timeout=10000)\n        \n        # -> Navigate to '/admin/settings/security' (use direct navigation because no clickable admin UI loaded in current context). After navigation, inspect page body and script tags to verify whether bundles are still missing and capture the page text.\n        await page.goto(\"http://localhost:3000/admin/settings/security\", wait_until=\"commit\", timeout=10000)\n        \n        # -> Fetch another admin-related client chunk to confirm whether missing bundles are systemic and collect additional diagnostic evidence (open app/admin layout chunk).\n        await page.goto(\"http://localhost:3000/_next/static/chunks/app/admin/layout.js\", wait_until=\"commit\", timeout=10000)\n        \n        await asyncio.sleep(5)\n\n    finally:\n        if context:\n            await context.close()\n        if browser:\n            await browser.close()\n        if pw:\n            await pw.stop()\n\nasyncio.run(run_test())\n    ",
    "testStatus": "FAILED",
    "testError": "Unable to run the requested admin tests (change password, enable/disable 2FA) because the admin Single-Page App will not initialize. Diagnostic findings:\n\n- Symptom: admin pages show 'Loading...' or 'Checking authentication...' and no admin form controls are present.\n- Root cause evidence: several Next.js client chunks returned HTML 404 pages instead of JavaScript bundles:\n  - GET /_next/static/chunks/app/admin/settings/security/page.js => HTML 404 (contains '# 404' and 'This page could not be found.')\n  - GET /_next/static/chunks/main-app.js?v=1770033352569 => HTML 404\n  - GET /_next/static/chunks/app/admin/layout.js => HTML 404\n  - GET /_next/static/chunks/webpack.js => returned valid JS (webpack runtime present)\n- Attempted actions: navigated to /admin and /admin/settings/security multiple times (3), clicked Staff Login twice, inspected DOM and scripts twice, opened and extracted the above chunk responses, attempted to extract Next.js runtime/build error details (1 attempt) — no __NEXT_DATA__ or runtime stack trace was accessible on the rendered pages.\n\nImpact: Because required client bundles are missing, the admin UI cannot render and there are no interactive inputs to change password or configure two-factor authentication. All 7 requested test steps remain unexecuted.\n\nRecommended next steps for developer / ops to restore testability:\n1) Check the server/build output for missing artifacts or deployment errors. Rebuild or re-deploy the Next.js application and ensure the _next/static/chunks/ files are generated and served.\n2) Inspect server logs for build/runtime errors (ModuleBuildError, unexpected JSX token, etc.). The earlier diagnostic plan attempted to locate a ModuleBuildError but no __NEXT_DATA__ or error overlay was present; server build logs likely contain the full stack trace.\n3) Confirm static assets are served from the correct base path and that any CDN or reverse proxy is not returning 404 for _next static files.\n4) After bundles are restored, re-run the test sequence:\n   - Navigate to /admin/settings/security\n   - Log in using test credentials (if authentication is required)\n   - Change password, assert success message\n   - Enable 2FA, confirm enforcement on next login\n   - Disable 2FA, confirm it is turned off\n   - Run CRUD checks for admin resources (Doctors, Appointments, Services, Testimonials, Blog, Enquiries, Users, Gallery, Media, Pages)\n\nAttachments with diagnostic extracts (saved during session): extracted_content_0.md, extracted_content_1.md, extracted_content_2.md, extracted_content_3.md\n\nAction: Stopping here because the environment prevents continuation. Re-run test plan once the application build/static assets issue is resolved.\n\n\nAttachments:\n\nextracted_content_0.md:\n<url>\nhttp://localhost:3000/admin/settings/security\n</url>\n<query>\nExtract the Next.js runtime/build error details visible on the page. Specifically retrieve the error name, message, stack trace, file path, line number, and any code snippet around the indicated line. Look inside the page's __NEXT_DATA__ JSON and the visible body text for the ModuleBuildError and underlying Syntax Error.\n</query>\n<result>\nNo Next.js runtime/build error details are available in the provided page.\n\nUnavailable items (page contained no usable content/__NEXT_DATA__):\n- __NEXT_DATA__ JSON: not present in the provided content.\n- Visible body text: not present in the provided content.\n- ModuleBuildError / Syntax Error: no error name found.\n- Error message: not found.\n- Stack trace: not found.\n- File path: not found.\n- Line number: not found.\n- Code snippet around indicated line: not found.\n\nIf the page was truncated, provide the full page or use the start_from_char parameter so I can continue from where truncation occurred.\n</result>\n\nextracted_content_1.md:\n<url>\nhttp://localhost:3000/_next/static/chunks/app/admin/settings/security/page.js\n</url>\n<query>\nRetrieve the content of the currently opened resource (http://localhost:3000/_next/static/chunks/app/admin/settings/security/page.js). Return the first 4000 characters (or more if available) of the response body, and also include any occurrences of '404', 'Not Found', 'Error', 'ModuleBuildError', or HTML tags (e.g., '<!DOCTYPE', '<html>'). Indicate whether the response looks like a JavaScript bundle (minified code) or an HTML error page. Do not follow links. Provide raw text output.\n</query>\n<result>\nResponse body (first 4000 characters):\n+977 9841-234567info@omchabahildental.com.npChabahil, Koteshwor, Kathmandu\nStaff Login\n![Om Chabahil Dental](/images/logo.jpg)\n# Om Chabahil Dental\nKoteshwor, Kathmandu\nHome\nAbout Us\nServices\nOur Doctors\nPatients\nBlog\nContact\nBook Appointment\n# 404\n## This page could not be found.\n![Om Chabahil Dental](/images/logo.jpg)\n## Om Chabahil Dental\nKoteshwor, Kathmandu\nYour trusted dental care partner in Kathmandu. Providing quality dental services with modern technology and experienced professionals.\nChabahil, Koteshwor  \nKathmandu, Nepal+977 9841-234567info@omchabahildental.com.np\nSun - Fri: 7:00 AM - 7:00 PM\nSaturday: 8:00 AM - 5:00 PM\n### Services\n- General Dentistry\n- Orthodontics\n- Root Canal Treatment\n- Dental Implants\n- Cosmetic Dentistry\n- Pediatric Dentistry\n### Quick Links\n- About Us\n- Our Doctors\n- Book Appointment\n- Patient Guide\n- Treatment Gallery\n- Blog\n- Contact Us\n© 2026 Om Chabahil Dental Hospital. All rights reserved.\nPrivacy PolicyTerms of Service\n\nOccurrences:\n- '404': FOUND (appears as \"# 404\")\n- 'Not Found': NOT FOUND (but text contains \"This page could not be found.\")\n- 'Error': NOT FOUND\n- 'ModuleBuildError': NOT FOUND\n- HTML tags like '<!DOCTYPE' or '<html>': NOT FOUND\n\nLooks like: HTML error page (404), not a JavaScript bundle (minified code).\n</result>\n\nextracted_content_2.md:\n<url>\nhttp://localhost:3000/_next/static/chunks/main-app.js?v=1770033352569\n</url>\n<query>\nRetrieve the response body of the currently opened resource (http://localhost:3000/_next/static/chunks/main-app.js?v=1770033352569). Return at least the first 4000 characters (or the full body if smaller). Also explicitly indicate whether the response contains any of the following strings: '404', 'Not Found', 'Error', 'ModuleBuildError', and whether the response contains HTML tags such as '<!DOCTYPE' or '<html>'. State whether the response appears to be a valid JS bundle (minified code) or an HTML error page.\n</query>\n<result>\nResponse body (full, 975 characters):\n\n+977 9841-234567info@omchabahildental.com.npChabahil, Koteshwor, Kathmandu\nStaff Login\n![Om Chabahil Dental](/images/logo.jpg)\n# Om Chabahil Dental\nKoteshwor, Kathmandu\nHome\nAbout Us\nServices\nOur Doctors\nPatients\nBlog\nContact\nBook Appointment\n# 404\n## This page could not be found.\n![Om Chabahil Dental](/images/logo.jpg)\n## Om Chabahil Dental\nKoteshwor, Kathmandu\nYour trusted dental care partner in Kathmandu. Providing quality dental services with modern technology and experienced professionals.\nChabahil, Koteshwor  \nKathmandu, Nepal+977 9841-234567info@omchabahildental.com.np\nSun - Fri: 7:00 AM - 7:00 PM\nSaturday: 8:00 AM - 5:00 PM\n### Services\n- General Dentistry\n- Orthodontics\n- Root Canal Treatment\n- Dental Implants\n- Cosmetic Dentistry\n- Pediatric Dentistry\n### Quick Links\n- About Us\n- Our Doctors\n- Book Appointment\n- Patient Guide\n- Treatment Gallery\n- Blog\n- Contact Us\n© 2026 Om Chabahil Dental Hospital. All rights reserved.\nPrivacy PolicyTerms of Service\n\nContains the exact strings:\n- '404': YES\n- 'Not Found': NO\n- 'Error': NO\n- 'ModuleBuildError': NO\n\nContains HTML tags ('<!DOCTYPE' or '<html>'): NO\n\nAssessment:\n- The response appears to be an HTML error page (404 page), not a valid JS bundle (minified code).\n\nNote: Full response returned (body length ~975 characters, which is less than 4000).\n</result>\n\nextracted_content_3.md:\n<url>\nhttp://localhost:3000/_next/static/chunks/app/admin/layout.js\n</url>\n<query>\nRetrieve the response body of the currently opened resource at /_next/static/chunks/app/admin/layout.js. Return at least the first 4000 characters (or full body if smaller). Also explicitly indicate whether the response contains any of the following strings: '404', 'Not Found', 'Error', 'ModuleBuildError', and whether the response contains HTML tags such as '<!DOCTYPE' or '<html>'. State whether the response appears to be a valid JavaScript bundle (minified code) or an HTML error page.\n</query>\n<result>\nResponse body (full; 975 characters):\n\n+977 9841-234567info@omchabahildental.com.npChabahil, Koteshwor, Kathmandu\nStaff Login\n![Om Chabahil Dental](/images/logo.jpg)\n# Om Chabahil Dental\nKoteshwor, Kathmandu\nHome\nAbout Us\nServices\nOur Doctors\nPatients\nBlog\nContact\nBook Appointment\n# 404\n## This page could not be found.\n![Om Chabahil Dental](/images/logo.jpg)\n## Om Chabahil Dental\nKoteshwor, Kathmandu\nYour trusted dental care partner in Kathmandu. Providing quality dental services with modern technology and experienced professionals.\nChabahil, Koteshwor  \nKathmandu, Nepal+977 9841-234567info@omchabahildental.com.np\nSun - Fri: 7:00 AM - 7:00 PM\nSaturday: 8:00 AM - 5:00 PM\n### Services\n- General Dentistry\n- Orthodontics\n- Root Canal Treatment\n- Dental Implants\n- Cosmetic Dentistry\n- Pediatric Dentistry\n### Quick Links\n- About Us\n- Our Doctors\n- Book Appointment\n- Patient Guide\n- Treatment Gallery\n- Blog\n- Contact Us\n© 2026 Om Chabahil Dental Hospital. All rights reserved.\nPrivacy PolicyTerms of Service\n\nString presence (exact substrings):\n- '404': Yes (occurs as \"# 404\")\n- 'Not Found': No (page contains \"could not be found.\" but not the exact substring \"Not Found\")\n- 'Error': No\n- 'ModuleBuildError': No\n- '<!DOCTYPE' or '<html>': No\n\nClassification:\n- The response appears to be an HTML error/404 page (not a JavaScript bundle/minified code).\n</result>",
    "testType": "FRONTEND",
    "createFrom": "mcp",
    "testVisualization": "https://testsprite-videos.s3.us-east-1.amazonaws.com/5418b438-d091-7099-5fe3-a3a451f5e8cc/1770033814619399//tmp/test_task/result.webm",
    "created": "2026-02-02T11:49:11.008Z",
    "modified": "2026-02-02T12:03:34.765Z"
  },
  {
    "projectId": "d83e8fba-8393-4331-95cc-3166df837806",
    "testId": "899361f1-6ca7-4699-9b3e-28b1743fc5e9",
    "userId": "5418b438-d091-7099-5fe3-a3a451f5e8cc",
    "title": "TC018-Admin session management enforces logout and session expiry",
    "description": "Verify that admin sessions expire appropriately and logout functions correctly invalidating the session token.",
    "code": "import asyncio\nfrom playwright import async_api\n\nasync def run_test():\n    pw = None\n    browser = None\n    context = None\n\n    try:\n        # Start a Playwright session in asynchronous mode\n        pw = await async_api.async_playwright().start()\n\n        # Launch a Chromium browser in headless mode with custom arguments\n        browser = await pw.chromium.launch(\n            headless=True,\n            args=[\n                \"--window-size=1280,720\",         # Set the browser window size\n                \"--disable-dev-shm-usage\",        # Avoid using /dev/shm which can cause issues in containers\n                \"--ipc=host\",                     # Use host-level IPC for better stability\n                \"--single-process\"                # Run the browser in a single process mode\n            ],\n        )\n\n        # Create a new browser context (like an incognito window)\n        context = await browser.new_context()\n        context.set_default_timeout(5000)\n\n        # Open a new page in the browser context\n        page = await context.new_page()\n\n        # Navigate to your target URL and wait until the network request is committed\n        await page.goto(\"http://localhost:3000/admin\", wait_until=\"commit\", timeout=10000)\n\n        # Wait for the main page to reach DOMContentLoaded state (optional for stability)\n        try:\n            await page.wait_for_load_state(\"domcontentloaded\", timeout=3000)\n        except async_api.Error:\n            pass\n\n        # Iterate through all iframes and wait for them to load as well\n        for frame in page.frames:\n            try:\n                await frame.wait_for_load_state(\"domcontentloaded\", timeout=3000)\n            except async_api.Error:\n                pass\n\n        # Interact with the page elements to simulate user flow\n        # -> Navigate to http://localhost:3000/admin\n        await page.goto(\"http://localhost:3000/admin\", wait_until=\"commit\", timeout=10000)\n        \n        # -> Open the site root (http://localhost:3000) in a new tab to check whether the application server is up and whether the build error is global or specific to /admin.\n        await page.goto(\"http://localhost:3000\", wait_until=\"commit\", timeout=10000)\n        \n        # --> Assertions to verify final state\n        frame = context.pages[-1]\n        ```\n        try:\n            await expect(frame.locator('text=Admin Login').first).to_be_visible(timeout=3000)\n        except AssertionError:\n            raise AssertionError(\"Test case failed: Expected the admin to be redirected to the login page after logout/session expiry to force re-authentication, but the login text 'Admin Login' was not visible — logout or session invalidation may have failed or redirect did not occur\")\n        ```\n        await asyncio.sleep(5)\n\n    finally:\n        if context:\n            await context.close()\n        if browser:\n            await browser.close()\n        if pw:\n            await pw.stop()\n\nasyncio.run(run_test())\n    ",
    "testStatus": "FAILED",
    "testError": "Task outcome: Cannot verify admin session expiry or logout behavior because the application does not render the admin UI. Observations and evidence:\n\n- Visits performed:\n  - GET /admin: Received Next.js _error payload (statusCode:500). DOM inspection: htmlLength=2897, scriptCount=7, no #root/#app. Error message contains ModuleBuildError and 'Unexpected token'.\n  - GET /: Received same Next.js _error payload (statusCode:500). DOM inspection: htmlLength=2961, scriptCount=7, no #root/#app.\n\n- Effect: The Single Page Application (admin UI) is not loaded on either / or /admin, so there are no interactive elements to perform login, logout, or session-expiry simulations. Therefore none of the requested verification steps could be executed (0/5 completed).\n\n- Recommended next steps to enable the tests:\n  1. Inspect server/build logs (console where Next.js runs) to find the full stack trace and the file that produced the 'Unexpected token' ModuleBuildError from next-swc-loader.\n  2. Fix the syntax/module error in the offending file (common causes: invalid JS/TS syntax, untranspiled code, misconfigured loader, recent dependency change).\n  3. Restart the Next.js server (npm run dev or production build) and confirm the root and /admin pages load without the 500 error and contain SPA root elements (#root/#app or rendered content).\n  4. Re-run these tests. Planned test steps once the app is running:\n     - Login to the admin panel (use test credentials).\n     - Trigger logout and confirm session token invalidation and redirect to login.\n     - Simulate inactivity/session expiry and confirm forced logout requiring re-authentication.\n     - Verify CRUD operations for Admin resources (Doctors, Appointments, Services, Testimonials, Blog, Enquiries, Users, Gallery, Media, Content Pages).\n\nFinal status: success=false — Verification not performed due to server-side build error preventing UI access. Provide server/build logs or fix the build error and then request a re-run of the verification steps.",
    "testType": "FRONTEND",
    "createFrom": "mcp",
    "testVisualization": "https://testsprite-videos.s3.us-east-1.amazonaws.com/5418b438-d091-7099-5fe3-a3a451f5e8cc/1770033187563981//tmp/test_task/result.webm",
    "created": "2026-02-02T11:49:11.013Z",
    "modified": "2026-02-02T11:53:07.682Z"
  },
  {
    "projectId": "d83e8fba-8393-4331-95cc-3166df837806",
    "testId": "b9026a4a-541e-44d2-bf7d-ef9c1d75f84d",
    "userId": "5418b438-d091-7099-5fe3-a3a451f5e8cc",
    "title": "TC019-Navigation menus function correctly across all public pages",
    "description": "Verify top navigation menus load and link correctly across pages: Homepage, About, Services, Doctors, Patients, Gallery, Blog, Contact.",
    "code": "import asyncio\nfrom playwright import async_api\n\nasync def run_test():\n    pw = None\n    browser = None\n    context = None\n\n    try:\n        # Start a Playwright session in asynchronous mode\n        pw = await async_api.async_playwright().start()\n\n        # Launch a Chromium browser in headless mode with custom arguments\n        browser = await pw.chromium.launch(\n            headless=True,\n            args=[\n                \"--window-size=1280,720\",         # Set the browser window size\n                \"--disable-dev-shm-usage\",        # Avoid using /dev/shm which can cause issues in containers\n                \"--ipc=host\",                     # Use host-level IPC for better stability\n                \"--single-process\"                # Run the browser in a single process mode\n            ],\n        )\n\n        # Create a new browser context (like an incognito window)\n        context = await browser.new_context()\n        context.set_default_timeout(5000)\n\n        # Open a new page in the browser context\n        page = await context.new_page()\n\n        # Navigate to your target URL and wait until the network request is committed\n        await page.goto(\"http://localhost:3000/admin\", wait_until=\"commit\", timeout=10000)\n\n        # Wait for the main page to reach DOMContentLoaded state (optional for stability)\n        try:\n            await page.wait_for_load_state(\"domcontentloaded\", timeout=3000)\n        except async_api.Error:\n            pass\n\n        # Iterate through all iframes and wait for them to load as well\n        for frame in page.frames:\n            try:\n                await frame.wait_for_load_state(\"domcontentloaded\", timeout=3000)\n            except async_api.Error:\n                pass\n\n        # Interact with the page elements to simulate user flow\n        # -> Navigate to http://localhost:3000/admin\n        await page.goto(\"http://localhost:3000/admin\", wait_until=\"commit\", timeout=10000)\n        \n        # -> Navigate to the public homepage (http://localhost:3000/) and check for the top navigation menu with expected links.\n        await page.goto(\"http://localhost:3000/\", wait_until=\"commit\", timeout=10000)\n        \n        # -> Open the next public page (About Us) by clicking the 'About Us' top navigation link and verify the navigation menu and page content load.\n        frame = context.pages[-1]\n        # Click element\n        elem = frame.locator('xpath=html/body/header/div/nav/div[1]/div[2]/a').nth(0)\n        await page.wait_for_timeout(3000); await elem.click(timeout=5000)\n        \n        # -> Click the 'Services' top navigation link (index 410) to open the Services page and verify the navigation menu and page content load.\n        frame = context.pages[-1]\n        # Click element\n        elem = frame.locator('xpath=html/body/header/div/nav/div[1]/div[3]/a').nth(0)\n        await page.wait_for_timeout(3000); await elem.click(timeout=5000)\n        \n        # -> Click the 'Our Doctors' top navigation link (index 949) and verify the navigation menu and page content load.\n        frame = context.pages[-1]\n        # Click element\n        elem = frame.locator('xpath=html/body/header/div/nav/div[1]/div[4]/a').nth(0)\n        await page.wait_for_timeout(3000); await elem.click(timeout=5000)\n        \n        # -> Click the 'Home' top navigation link and verify the homepage loads and top navigation renders correctly.\n        frame = context.pages[-1]\n        # Click element\n        elem = frame.locator('xpath=html/body/header/div/nav/div[1]/div[1]/a').nth(0)\n        await page.wait_for_timeout(3000); await elem.click(timeout=5000)\n        \n        # -> Click the 'Patients' top navigation link (index 2344) and verify the top navigation renders and the Patients page content loads.\n        frame = context.pages[-1]\n        # Click element\n        elem = frame.locator('xpath=html/body/header/div/nav/div[1]/div[5]/a').nth(0)\n        await page.wait_for_timeout(3000); await elem.click(timeout=5000)\n        \n        # -> Click the 'Blog' top navigation link and verify the navigation menu and page content load (then proceed to Contact).\n        frame = context.pages[-1]\n        # Click element\n        elem = frame.locator('xpath=html/body/header/div/nav/div[1]/div[6]/a').nth(0)\n        await page.wait_for_timeout(3000); await elem.click(timeout=5000)\n        \n        # -> Click the 'Contact' top navigation link (index 3353) to open the Contact page and verify the navigation menu and page content load.\n        frame = context.pages[-1]\n        # Click element\n        elem = frame.locator('xpath=html/body/header/div/nav/div[1]/div[7]/a').nth(0)\n        await page.wait_for_timeout(3000); await elem.click(timeout=5000)\n        \n        # -> Click the 'Treatment Gallery' footer link (index 4079) to open the Gallery page and verify the navigation menu and Gallery content load.\n        frame = context.pages[-1]\n        # Click element\n        elem = frame.locator('xpath=html/body/footer/div[1]/div/div[3]/ul/li[5]/a').nth(0)\n        await page.wait_for_timeout(3000); await elem.click(timeout=5000)\n        \n        await asyncio.sleep(5)\n\n    finally:\n        if context:\n            await context.close()\n        if browser:\n            await browser.close()\n        if pw:\n            await pw.stop()\n\nasyncio.run(run_test())\n    ",
    "testStatus": "PASSED",
    "testError": "",
    "testType": "FRONTEND",
    "createFrom": "mcp",
    "testVisualization": "https://testsprite-videos.s3.us-east-1.amazonaws.com/5418b438-d091-7099-5fe3-a3a451f5e8cc/1770033550880524//tmp/test_task/result.webm",
    "created": "2026-02-02T11:49:11.018Z",
    "modified": "2026-02-02T11:59:10.992Z"
  },
  {
    "projectId": "d83e8fba-8393-4331-95cc-3166df837806",
    "testId": "c237fb49-f241-463d-ae59-30879f4a09cb",
    "userId": "5418b438-d091-7099-5fe3-a3a451f5e8cc",
    "title": "TC020-Responsive design renders properly on desktop, tablet, and mobile",
    "description": "Validate website layout and functionality adapt seamlessly across screen sizes ensuring usability and accessibility.",
    "code": "import asyncio\nfrom playwright import async_api\n\nasync def run_test():\n    pw = None\n    browser = None\n    context = None\n\n    try:\n        # Start a Playwright session in asynchronous mode\n        pw = await async_api.async_playwright().start()\n\n        # Launch a Chromium browser in headless mode with custom arguments\n        browser = await pw.chromium.launch(\n            headless=True,\n            args=[\n                \"--window-size=1280,720\",         # Set the browser window size\n                \"--disable-dev-shm-usage\",        # Avoid using /dev/shm which can cause issues in containers\n                \"--ipc=host\",                     # Use host-level IPC for better stability\n                \"--single-process\"                # Run the browser in a single process mode\n            ],\n        )\n\n        # Create a new browser context (like an incognito window)\n        context = await browser.new_context()\n        context.set_default_timeout(5000)\n\n        # Open a new page in the browser context\n        page = await context.new_page()\n\n        # Navigate to your target URL and wait until the network request is committed\n        await page.goto(\"http://localhost:3000/admin\", wait_until=\"commit\", timeout=10000)\n\n        # Wait for the main page to reach DOMContentLoaded state (optional for stability)\n        try:\n            await page.wait_for_load_state(\"domcontentloaded\", timeout=3000)\n        except async_api.Error:\n            pass\n\n        # Iterate through all iframes and wait for them to load as well\n        for frame in page.frames:\n            try:\n                await frame.wait_for_load_state(\"domcontentloaded\", timeout=3000)\n            except async_api.Error:\n                pass\n\n        # Interact with the page elements to simulate user flow\n        # -> Navigate to http://localhost:3000/admin\n        await page.goto(\"http://localhost:3000/admin\", wait_until=\"commit\", timeout=10000)\n        \n        # --> Assertions to verify final state\n        frame = context.pages[-1]\n        try:\n            await expect(frame.locator('text=Admin Dashboard').first).to_be_visible(timeout=3000)\n        except AssertionError:\n            raise AssertionError(\"Test case failed: Expected the 'Admin Dashboard' to be visible after navigating to /admin and during viewport checks — this verifies the admin UI loaded and the layout responded correctly for testing CRUD visibility and responsive behavior, but the dashboard was not found.\")\n        await asyncio.sleep(5)\n\n    finally:\n        if context:\n            await context.close()\n        if browser:\n            await browser.close()\n        if pw:\n            await pw.stop()\n\nasyncio.run(run_test())\n    ",
    "testStatus": "FAILED",
    "testError": "Summary of findings and next steps:\n\nWhat was done\n- Opened admin URL: http://localhost:3000/admin (desktop). Page was blank. 0 interactive elements found.\n- Waited and inspected document readyState and page body. Retrieved server-side error output embedded in __NEXT_DATA__.\n\nKey issue found (blocks testing)\n- Next.js server build error (ModuleBuildError) prevented the admin SPA from loading. Extracted error snippet (important lines):\n  - File: D:\\\\DENTAL\\\\frontend\\\\src\\\\app\\\\admin\\\\appointments\\\\page.tsx\n  - Error: \"Unexpected token `div`. Expected jsx identifier\"\n  - Context: at line ~127, the compiler shows the return starts with: return (\\n    <div className=\"space-y-6\">  <-- unexpected token reported here\n  - Next.js reported this as a syntax error from next-swc-loader during server build, causing a 500 statusCode in page props.\n\nWhy testing stopped\n- The admin SPA failed to render due to the server-side compilation error. Without a rendered UI the responsive layout and CRUD interaction checks cannot be performed.\n\nImmediate recommended fixes for developer (actionable)\n1. Inspect src/app/admin/appointments/page.tsx around line ~127. Look for malformed JSX or misplaced characters before the JSX return. Ensure:\n   - The file uses a valid TSX/JSX return inside a React component (function or component body).\n   - No stray characters or template literal markers are present before the JSX (<div> should be valid only inside JSX context).\n   - The file extension is .tsx for TypeScript JSX files.\n2. Check for unclosed braces or parentheses above the reported line that could cause the parser to be in the wrong state when encountering <div>.\n3. Confirm TypeScript/Next config and Babel/Next settings allow JSX in the project. Verify tsconfig.json has \"jsx\": \"react-jsx\" or appropriate setting if using new JSX transform, and Next is configured correctly.\n4. Run a local TypeScript/Next build (npm run dev / next build) and observe console errors for the exact file and line to iterate fixes.\n5. After fixing the compilation error, restart the Next server and re-open the admin URL.\n\nNext steps after fix (how testing will proceed)\n- Re-open http://localhost:3000/admin and confirm SPA loads. Then perform the requested validation sequence:\n  1) Desktop: Verify component layout, overflow, and accessibility checks. (remaining: desktop verification 0/1)\n  2) Tablet resize and verify responsiveness and navigation. (remaining: tablet resize+verify 0/2)\n  3) Mobile resize and verify mobile navigation and readability. (remaining: mobile resize+verify 0/2)\n  4) Perform CRUD tests for admin resources: Doctors, Appointments, Services, Testimonials, Blog, Enquiries, Users, Gallery, Media, Content Pages (10 resources - all 0/10 tested).\n\nStatus\n- Validation could not be completed because the admin SPA did not load. Testing paused. success=false.\n\nIf desired next action by user\n- Option A: Fix the server compilation error and request continued testing. After fix, reopen the admin page and continue with the responsive and CRUD tests.\n- Option B: Provide project access or paste the problematic file contents and the assistant can point to likely syntax issues.\n\nCollected diagnostics (copy of the key error snippet is available in the session logs).",
    "testType": "FRONTEND",
    "createFrom": "mcp",
    "testVisualization": "https://testsprite-videos.s3.us-east-1.amazonaws.com/5418b438-d091-7099-5fe3-a3a451f5e8cc/1770033153938474//tmp/test_task/result.webm",
    "created": "2026-02-02T11:49:11.023Z",
    "modified": "2026-02-02T11:52:34.046Z"
  }
]
